This file contains any messages produced by compilers while
running configure, to aid debugging if configure makes a mistake.

It was created by Body Tracking Benchmark configure 1.0, which was
generated by GNU Autoconf 2.71.  Invocation command line was

  $ /export/scratch/users/anton386/remove_me2/parsec-benchmark/pkgs/apps/bodytrack/src/configure --enable-threads --disable-openmp --disable-tbb --build= --host= --prefix=/export/scratch/users/anton386/remove_me2/parsec-benchmark/pkgs/apps/bodytrack/inst/amd64-linux.gcc build_alias= host_alias= CC=/usr/bin/gcc 'CFLAGS=  -DPARSEC_VERSION=3.0-beta-20150206' LDFLAGS= CPPFLAGS= CPP=/usr/bin/cpp CXX=/usr/bin/g++ 'CXXFLAGS= -fpermissive -fno-exceptions -std=c++17 -DPARSEC_VERSION=3.0-beta-20150206 -fexceptions' CXXCPP= --no-create --no-recursion

## --------- ##
## Platform. ##
## --------- ##

hostname = csel-kh1250-19
uname -m = x86_64
uname -r = 6.14.0-36-generic
uname -s = Linux
uname -v = #36~24.04.1-Ubuntu SMP PREEMPT_DYNAMIC Wed Oct 15 15:45:17 UTC 2

/usr/bin/uname -p = x86_64
/bin/uname -X     = unknown

/bin/arch              = x86_64
/usr/bin/arch -k       = unknown
/usr/convex/getsysinfo = unknown
/usr/bin/hostinfo      = unknown
/bin/machine           = unknown
/usr/bin/oslevel       = unknown
/bin/universe          = unknown

PATH: /export/scratch/users/anton386/remove_me2/parsec-benchmark/bin/
PATH: /user/local/cuda/bin/
PATH: /opt/conda/condabin/
PATH: /usr/local/sbin/
PATH: /usr/local/bin/
PATH: /usr/sbin/
PATH: /usr/bin/
PATH: /sbin/
PATH: /bin/
PATH: /usr/games/
PATH: /usr/local/games/
PATH: /snap/bin/
PATH: /usr/local/scripts/
PATH: /opt/puppetlabs/bin/
PATH: /soft/idea/2024.2.4/bin/
PATH: /soft/instantclient/21_3/
PATH: /soft/MATLAB/R2024b/bin/
PATH: /soft/sqldeveloper/21.2.1.204.1703-no-jre/bin/
PATH: /soft/supermongo/2.4.13/bin/
PATH: /export/scratch/users/anton386/remove_me2/parsec-benchmark/bin/


## ----------- ##
## Core tests. ##
## ----------- ##

configure:2982: looking for aux files: config.guess config.sub install-sh
configure:2995:  trying /export/scratch/users/anton386/remove_me2/parsec-benchmark/pkgs/apps/bodytrack/src/
configure:3024:   /export/scratch/users/anton386/remove_me2/parsec-benchmark/pkgs/apps/bodytrack/src/config.guess found
configure:3024:   /export/scratch/users/anton386/remove_me2/parsec-benchmark/pkgs/apps/bodytrack/src/config.sub found
configure:3006:   /export/scratch/users/anton386/remove_me2/parsec-benchmark/pkgs/apps/bodytrack/src/install-sh found
configure:3155: checking for a BSD-compatible install
configure:3228: result: /export/scratch/users/anton386/remove_me2/parsec-benchmark/bin/install -c
configure:3239: checking whether build environment is sane
configure:3276: result: yes
configure:3338: checking for gawk
configure:3359: found /usr/bin/gawk
configure:3370: result: gawk
configure:3381: checking whether make sets $(MAKE)
configure:3404: result: yes
configure:3705: checking build system type
configure:3720: result: x86_64-pc-linux-gnu
configure:3740: checking host system type
configure:3754: result: x86_64-pc-linux-gnu
configure:3795: checking for style of include used by make
configure:3823: result: GNU
configure:3902: checking for gcc
configure:3934: result: /usr/bin/gcc
configure:4287: checking for C compiler version
configure:4296: /usr/bin/gcc --version >&5
gcc (Ubuntu 13.3.0-6ubuntu2~24.04) 13.3.0
Copyright (C) 2023 Free Software Foundation, Inc.
This is free software; see the source for copying conditions.  There is NO
warranty; not even for MERCHANTABILITY or FITNESS FOR A PARTICULAR PURPOSE.

configure:4307: $? = 0
configure:4296: /usr/bin/gcc -v >&5
Using built-in specs.
COLLECT_GCC=/usr/bin/gcc
COLLECT_LTO_WRAPPER=/usr/libexec/gcc/x86_64-linux-gnu/13/lto-wrapper
OFFLOAD_TARGET_NAMES=nvptx-none:amdgcn-amdhsa
OFFLOAD_TARGET_DEFAULT=1
Target: x86_64-linux-gnu
Configured with: ../src/configure -v --with-pkgversion='Ubuntu 13.3.0-6ubuntu2~24.04' --with-bugurl=file:///usr/share/doc/gcc-13/README.Bugs --enable-languages=c,ada,c++,go,d,fortran,objc,obj-c++,m2 --prefix=/usr --with-gcc-major-version-only --program-suffix=-13 --program-prefix=x86_64-linux-gnu- --enable-shared --enable-linker-build-id --libexecdir=/usr/libexec --without-included-gettext --enable-threads=posix --libdir=/usr/lib --enable-nls --enable-bootstrap --enable-clocale=gnu --enable-libstdcxx-debug --enable-libstdcxx-time=yes --with-default-libstdcxx-abi=new --enable-libstdcxx-backtrace --enable-gnu-unique-object --disable-vtable-verify --enable-plugin --enable-default-pie --with-system-zlib --enable-libphobos-checking=release --with-target-system-zlib=auto --enable-objc-gc=auto --enable-multiarch --disable-werror --enable-cet --with-arch-32=i686 --with-abi=m64 --with-multilib-list=m32,m64,mx32 --enable-multilib --with-tune=generic --enable-offload-targets=nvptx-none=/build/gcc-13-fG75Ri/gcc-13-13.3.0/debian/tmp-nvptx/usr,amdgcn-amdhsa=/build/gcc-13-fG75Ri/gcc-13-13.3.0/debian/tmp-gcn/usr --enable-offload-defaulted --without-cuda-driver --enable-checking=release --build=x86_64-linux-gnu --host=x86_64-linux-gnu --target=x86_64-linux-gnu --with-build-config=bootstrap-lto-lean --enable-link-serialization=2
Thread model: posix
Supported LTO compression algorithms: zlib zstd
gcc version 13.3.0 (Ubuntu 13.3.0-6ubuntu2~24.04) 
... rest of stderr output deleted ...
configure:4307: $? = 0
configure:4296: /usr/bin/gcc -V >&5
gcc: error: unrecognized command-line option '-V'
gcc: fatal error: no input files
compilation terminated.
configure:4307: $? = 1
configure:4296: /usr/bin/gcc -qversion >&5
gcc: error: unrecognized command-line option '-qversion'; did you mean '--version'?
gcc: fatal error: no input files
compilation terminated.
configure:4307: $? = 1
configure:4296: /usr/bin/gcc -version >&5
gcc: error: unrecognized command-line option '-version'
gcc: fatal error: no input files
compilation terminated.
configure:4307: $? = 1
configure:4327: checking whether the C compiler works
configure:4349: /usr/bin/gcc   -DPARSEC_VERSION=3.0-beta-20150206   conftest.c -lpthread  >&5
configure:4353: $? = 0
configure:4403: result: yes
configure:4406: checking for C compiler default output file name
configure:4408: result: a.out
configure:4414: checking for suffix of executables
configure:4421: /usr/bin/gcc -o conftest   -DPARSEC_VERSION=3.0-beta-20150206   conftest.c -lpthread  >&5
configure:4425: $? = 0
configure:4448: result: 
configure:4470: checking whether we are cross compiling
configure:4478: /usr/bin/gcc -o conftest   -DPARSEC_VERSION=3.0-beta-20150206   conftest.c -lpthread  >&5
configure:4482: $? = 0
configure:4489: ./conftest
configure:4493: $? = 0
configure:4508: result: no
configure:4513: checking for suffix of object files
configure:4536: /usr/bin/gcc -c   -DPARSEC_VERSION=3.0-beta-20150206  conftest.c >&5
configure:4540: $? = 0
configure:4562: result: o
configure:4566: checking whether the compiler supports GNU C
configure:4586: /usr/bin/gcc -c   -DPARSEC_VERSION=3.0-beta-20150206  conftest.c >&5
configure:4586: $? = 0
configure:4596: result: yes
configure:4607: checking whether /usr/bin/gcc accepts -g
configure:4628: /usr/bin/gcc -c -g  conftest.c >&5
configure:4628: $? = 0
configure:4672: result: yes
configure:4692: checking for /usr/bin/gcc option to enable C11 features
configure:4707: /usr/bin/gcc  -c   -DPARSEC_VERSION=3.0-beta-20150206  conftest.c >&5
configure:4707: $? = 0
configure:4725: result: none needed
configure:4837: checking dependency style of /usr/bin/gcc
configure:4928: result: gcc3
configure:4945: checking for a sed that does not truncate output
configure:5002: result: /usr/bin/sed
configure:5005: checking for grep that handles long lines and -e
configure:5069: result: /usr/bin/grep
configure:5074: checking for egrep
configure:5142: result: /usr/bin/grep -E
configure:5159: checking for ld used by /usr/bin/gcc
configure:5227: result: /usr/bin/ld
configure:5234: checking if the linker (/usr/bin/ld) is GNU ld
configure:5250: result: yes
configure:5255: checking for /usr/bin/ld option to reload object files
configure:5263: result: -r
configure:5281: checking for BSD-compatible nm
configure:5331: result: /usr/bin/nm -B
configure:5335: checking whether ln -s works
configure:5339: result: yes
configure:5346: checking how to recognise dependent libraries
configure:5523: result: pass_all
configure:5612: /usr/bin/gcc -c   -DPARSEC_VERSION=3.0-beta-20150206  conftest.c >&5
configure:5615: $? = 0
configure:5734: checking for stdio.h
configure:5734: /usr/bin/gcc -c   -DPARSEC_VERSION=3.0-beta-20150206  conftest.c >&5
configure:5734: $? = 0
configure:5734: result: yes
configure:5734: checking for stdlib.h
configure:5734: /usr/bin/gcc -c   -DPARSEC_VERSION=3.0-beta-20150206  conftest.c >&5
configure:5734: $? = 0
configure:5734: result: yes
configure:5734: checking for string.h
configure:5734: /usr/bin/gcc -c   -DPARSEC_VERSION=3.0-beta-20150206  conftest.c >&5
configure:5734: $? = 0
configure:5734: result: yes
configure:5734: checking for inttypes.h
configure:5734: /usr/bin/gcc -c   -DPARSEC_VERSION=3.0-beta-20150206  conftest.c >&5
configure:5734: $? = 0
configure:5734: result: yes
configure:5734: checking for stdint.h
configure:5734: /usr/bin/gcc -c   -DPARSEC_VERSION=3.0-beta-20150206  conftest.c >&5
configure:5734: $? = 0
configure:5734: result: yes
configure:5734: checking for strings.h
configure:5734: /usr/bin/gcc -c   -DPARSEC_VERSION=3.0-beta-20150206  conftest.c >&5
configure:5734: $? = 0
configure:5734: result: yes
configure:5734: checking for sys/stat.h
configure:5734: /usr/bin/gcc -c   -DPARSEC_VERSION=3.0-beta-20150206  conftest.c >&5
configure:5734: $? = 0
configure:5734: result: yes
configure:5734: checking for sys/types.h
configure:5734: /usr/bin/gcc -c   -DPARSEC_VERSION=3.0-beta-20150206  conftest.c >&5
configure:5734: $? = 0
configure:5734: result: yes
configure:5734: checking for unistd.h
configure:5734: /usr/bin/gcc -c   -DPARSEC_VERSION=3.0-beta-20150206  conftest.c >&5
configure:5734: $? = 0
configure:5734: result: yes
configure:5734: checking for sys/time.h
configure:5734: /usr/bin/gcc -c   -DPARSEC_VERSION=3.0-beta-20150206  conftest.c >&5
configure:5734: $? = 0
configure:5734: result: yes
configure:5759: checking for dlfcn.h
configure:5759: /usr/bin/gcc -c   -DPARSEC_VERSION=3.0-beta-20150206  conftest.c >&5
configure:5759: $? = 0
configure:5759: result: yes
configure:5894: checking for C++ compiler version
configure:5903: /usr/bin/g++ --version >&5
g++ (Ubuntu 13.3.0-6ubuntu2~24.04) 13.3.0
Copyright (C) 2023 Free Software Foundation, Inc.
This is free software; see the source for copying conditions.  There is NO
warranty; not even for MERCHANTABILITY or FITNESS FOR A PARTICULAR PURPOSE.

configure:5914: $? = 0
configure:5903: /usr/bin/g++ -v >&5
Using built-in specs.
COLLECT_GCC=/usr/bin/g++
COLLECT_LTO_WRAPPER=/usr/libexec/gcc/x86_64-linux-gnu/13/lto-wrapper
OFFLOAD_TARGET_NAMES=nvptx-none:amdgcn-amdhsa
OFFLOAD_TARGET_DEFAULT=1
Target: x86_64-linux-gnu
Configured with: ../src/configure -v --with-pkgversion='Ubuntu 13.3.0-6ubuntu2~24.04' --with-bugurl=file:///usr/share/doc/gcc-13/README.Bugs --enable-languages=c,ada,c++,go,d,fortran,objc,obj-c++,m2 --prefix=/usr --with-gcc-major-version-only --program-suffix=-13 --program-prefix=x86_64-linux-gnu- --enable-shared --enable-linker-build-id --libexecdir=/usr/libexec --without-included-gettext --enable-threads=posix --libdir=/usr/lib --enable-nls --enable-bootstrap --enable-clocale=gnu --enable-libstdcxx-debug --enable-libstdcxx-time=yes --with-default-libstdcxx-abi=new --enable-libstdcxx-backtrace --enable-gnu-unique-object --disable-vtable-verify --enable-plugin --enable-default-pie --with-system-zlib --enable-libphobos-checking=release --with-target-system-zlib=auto --enable-objc-gc=auto --enable-multiarch --disable-werror --enable-cet --with-arch-32=i686 --with-abi=m64 --with-multilib-list=m32,m64,mx32 --enable-multilib --with-tune=generic --enable-offload-targets=nvptx-none=/build/gcc-13-fG75Ri/gcc-13-13.3.0/debian/tmp-nvptx/usr,amdgcn-amdhsa=/build/gcc-13-fG75Ri/gcc-13-13.3.0/debian/tmp-gcn/usr --enable-offload-defaulted --without-cuda-driver --enable-checking=release --build=x86_64-linux-gnu --host=x86_64-linux-gnu --target=x86_64-linux-gnu --with-build-config=bootstrap-lto-lean --enable-link-serialization=2
Thread model: posix
Supported LTO compression algorithms: zlib zstd
gcc version 13.3.0 (Ubuntu 13.3.0-6ubuntu2~24.04) 
... rest of stderr output deleted ...
configure:5914: $? = 0
configure:5903: /usr/bin/g++ -V >&5
g++: error: unrecognized command-line option '-V'
g++: fatal error: no input files
compilation terminated.
configure:5914: $? = 1
configure:5903: /usr/bin/g++ -qversion >&5
g++: error: unrecognized command-line option '-qversion'; did you mean '--version'?
g++: fatal error: no input files
compilation terminated.
configure:5914: $? = 1
configure:5918: checking whether the compiler supports GNU C++
configure:5938: /usr/bin/g++ -c  -fpermissive -fno-exceptions -std=c++17 -DPARSEC_VERSION=3.0-beta-20150206 -fexceptions  conftest.cpp >&5
configure:5938: $? = 0
configure:5948: result: yes
configure:5959: checking whether /usr/bin/g++ accepts -g
configure:5980: /usr/bin/g++ -c -g  conftest.cpp >&5
configure:5980: $? = 0
configure:6024: result: yes
configure:6044: checking for /usr/bin/g++ option to enable C++11 features
configure:6059: /usr/bin/g++  -c  -fpermissive -fno-exceptions -std=c++17 -DPARSEC_VERSION=3.0-beta-20150206 -fexceptions  conftest.cpp >&5
conftest.cpp: In function 'int main(int, char**)':
conftest.cpp:189:25: warning: empty parentheses were disambiguated as a function declaration [-Wvexing-parse]
  189 |   cxx11test::delegate d2();
      |                         ^~
conftest.cpp:189:25: note: remove parentheses to default-initialize a variable
  189 |   cxx11test::delegate d2();
      |                         ^~
      |                         --
conftest.cpp:189:25: note: or replace parentheses with braces to value-initialize a variable
configure:6059: $? = 0
configure:6077: result: none needed
configure:6143: checking dependency style of /usr/bin/g++
configure:6234: result: gcc3
configure:6261: checking how to run the C++ preprocessor
configure:6283: /usr/bin/g++ -E  conftest.cpp
configure:6283: $? = 0
configure:6298: /usr/bin/g++ -E  conftest.cpp
conftest.cpp:23:10: fatal error: ac_nonexistent.h: No such file or directory
   23 | #include <ac_nonexistent.h>
      |          ^~~~~~~~~~~~~~~~~~
compilation terminated.
configure:6298: $? = 1
configure: failed program was:
| /* confdefs.h */
| #define PACKAGE_NAME "Body Tracking Benchmark"
| #define PACKAGE_TARNAME "body-tracking-benchmark"
| #define PACKAGE_VERSION "1.0"
| #define PACKAGE_STRING "Body Tracking Benchmark 1.0"
| #define PACKAGE_BUGREPORT "cbienia@cs.princeton.edu"
| #define PACKAGE_URL ""
| #define PACKAGE "body-tracking-benchmark"
| #define VERSION "1.0"
| #define HAVE_STDIO_H 1
| #define HAVE_STDLIB_H 1
| #define HAVE_STRING_H 1
| #define HAVE_INTTYPES_H 1
| #define HAVE_STDINT_H 1
| #define HAVE_STRINGS_H 1
| #define HAVE_SYS_STAT_H 1
| #define HAVE_SYS_TYPES_H 1
| #define HAVE_UNISTD_H 1
| #define HAVE_SYS_TIME_H 1
| #define STDC_HEADERS 1
| #define HAVE_DLFCN_H 1
| /* end confdefs.h.  */
| #include <ac_nonexistent.h>
configure:6325: result: /usr/bin/g++ -E
configure:6339: /usr/bin/g++ -E  conftest.cpp
configure:6339: $? = 0
configure:6354: /usr/bin/g++ -E  conftest.cpp
conftest.cpp:23:10: fatal error: ac_nonexistent.h: No such file or directory
   23 | #include <ac_nonexistent.h>
      |          ^~~~~~~~~~~~~~~~~~
compilation terminated.
configure:6354: $? = 1
configure: failed program was:
| /* confdefs.h */
| #define PACKAGE_NAME "Body Tracking Benchmark"
| #define PACKAGE_TARNAME "body-tracking-benchmark"
| #define PACKAGE_VERSION "1.0"
| #define PACKAGE_STRING "Body Tracking Benchmark 1.0"
| #define PACKAGE_BUGREPORT "cbienia@cs.princeton.edu"
| #define PACKAGE_URL ""
| #define PACKAGE "body-tracking-benchmark"
| #define VERSION "1.0"
| #define HAVE_STDIO_H 1
| #define HAVE_STDLIB_H 1
| #define HAVE_STRING_H 1
| #define HAVE_INTTYPES_H 1
| #define HAVE_STDINT_H 1
| #define HAVE_STRINGS_H 1
| #define HAVE_SYS_STAT_H 1
| #define HAVE_SYS_TYPES_H 1
| #define HAVE_UNISTD_H 1
| #define HAVE_SYS_TIME_H 1
| #define STDC_HEADERS 1
| #define HAVE_DLFCN_H 1
| /* end confdefs.h.  */
| #include <ac_nonexistent.h>
configure:6445: checking for g77
configure:6480: result: no
configure:6445: checking for xlf
configure:6480: result: no
configure:6445: checking for f77
configure:6466: found /usr/bin/f77
configure:6477: result: f77
configure:6503: checking for Fortran 77 compiler version
configure:6512: f77 --version >&5
GNU Fortran (Ubuntu 13.3.0-6ubuntu2~24.04) 13.3.0
Copyright (C) 2023 Free Software Foundation, Inc.
This is free software; see the source for copying conditions.  There is NO
warranty; not even for MERCHANTABILITY or FITNESS FOR A PARTICULAR PURPOSE.

configure:6523: $? = 0
configure:6512: f77 -v >&5
Using built-in specs.
COLLECT_GCC=f77
COLLECT_LTO_WRAPPER=/usr/libexec/gcc/x86_64-linux-gnu/13/lto-wrapper
OFFLOAD_TARGET_NAMES=nvptx-none:amdgcn-amdhsa
OFFLOAD_TARGET_DEFAULT=1
Target: x86_64-linux-gnu
Configured with: ../src/configure -v --with-pkgversion='Ubuntu 13.3.0-6ubuntu2~24.04' --with-bugurl=file:///usr/share/doc/gcc-13/README.Bugs --enable-languages=c,ada,c++,go,d,fortran,objc,obj-c++,m2 --prefix=/usr --with-gcc-major-version-only --program-suffix=-13 --program-prefix=x86_64-linux-gnu- --enable-shared --enable-linker-build-id --libexecdir=/usr/libexec --without-included-gettext --enable-threads=posix --libdir=/usr/lib --enable-nls --enable-bootstrap --enable-clocale=gnu --enable-libstdcxx-debug --enable-libstdcxx-time=yes --with-default-libstdcxx-abi=new --enable-libstdcxx-backtrace --enable-gnu-unique-object --disable-vtable-verify --enable-plugin --enable-default-pie --with-system-zlib --enable-libphobos-checking=release --with-target-system-zlib=auto --enable-objc-gc=auto --enable-multiarch --disable-werror --enable-cet --with-arch-32=i686 --with-abi=m64 --with-multilib-list=m32,m64,mx32 --enable-multilib --with-tune=generic --enable-offload-targets=nvptx-none=/build/gcc-13-fG75Ri/gcc-13-13.3.0/debian/tmp-nvptx/usr,amdgcn-amdhsa=/build/gcc-13-fG75Ri/gcc-13-13.3.0/debian/tmp-gcn/usr --enable-offload-defaulted --without-cuda-driver --enable-checking=release --build=x86_64-linux-gnu --host=x86_64-linux-gnu --target=x86_64-linux-gnu --with-build-config=bootstrap-lto-lean --enable-link-serialization=2
Thread model: posix
Supported LTO compression algorithms: zlib zstd
gcc version 13.3.0 (Ubuntu 13.3.0-6ubuntu2~24.04) 
... rest of stderr output deleted ...
configure:6523: $? = 0
configure:6512: f77 -V >&5
f77: error: unrecognized command-line option '-V'
f77: fatal error: no input files
compilation terminated.
configure:6523: $? = 1
configure:6512: f77 -qversion >&5
f77: error: unrecognized command-line option '-qversion'; did you mean '--version'?
f77: fatal error: no input files
compilation terminated.
configure:6523: $? = 1
configure:6532: checking whether the compiler supports GNU Fortran 77
configure:6546: f77 -c  conftest.F >&5
configure:6546: $? = 0
configure:6556: result: yes
configure:6564: checking whether f77 accepts -g
configure:6576: f77 -c -g conftest.f >&5
configure:6576: $? = 0
configure:6585: result: yes
configure:6619: checking the maximum length of command line arguments
configure:6729: result: 32768
configure:6740: checking command to parse /usr/bin/nm -B output from /usr/bin/gcc object
configure:6846: /usr/bin/gcc -c   -DPARSEC_VERSION=3.0-beta-20150206  conftest.c >&5
configure:6849: $? = 0
configure:6853: /usr/bin/nm -B conftest.o \| sed -n -e 's/^.*[ 	]\([ABCDGIRSTW][ABCDGIRSTW]*\)[ 	][ 	]*\([_A-Za-z][_A-Za-z0-9]*\)$/\1 \2 \2/p' \> conftest.nm
configure:6856: $? = 0
configure:6908: /usr/bin/gcc -o conftest   -DPARSEC_VERSION=3.0-beta-20150206   conftest.c conftstm.o >&5
configure:6911: $? = 0
configure:6949: result: ok
configure:6953: checking for objdir
configure:6969: result: .libs
configure:7066: checking for ar
configure:7098: result: /usr/bin/ar
configure:7168: checking for ranlib
configure:7200: result: /usr/bin/ranlib
configure:7270: checking for strip
configure:7302: result: /usr/bin/strip
configure:7588: checking if /usr/bin/gcc supports -fno-rtti -fno-exceptions
configure:7607: /usr/bin/gcc -c   -DPARSEC_VERSION=3.0-beta-20150206  -fno-rtti -fno-exceptions conftest.c >&5
cc1: warning: command-line option '-fno-rtti' is valid for C++/D/ObjC++ but not for C
configure:7611: $? = 0
configure:7624: result: no
configure:7639: checking for /usr/bin/gcc option to produce PIC
configure:7849: result: -fPIC
configure:7857: checking if /usr/bin/gcc PIC flag -fPIC works
configure:7876: /usr/bin/gcc -c   -DPARSEC_VERSION=3.0-beta-20150206  -fPIC -DPIC conftest.c >&5
configure:7880: $? = 0
configure:7893: result: yes
configure:7921: checking if /usr/bin/gcc static flag -static works
configure:7950: result: yes
configure:7960: checking if /usr/bin/gcc supports -c -o file.o
configure:7982: /usr/bin/gcc -c   -DPARSEC_VERSION=3.0-beta-20150206  -o out/conftest2.o conftest.c >&5
configure:7986: $? = 0
configure:8008: result: yes
configure:8034: checking whether the /usr/bin/gcc linker (/usr/bin/ld -m elf_x86_64) supports shared libraries
configure:8936: result: yes
configure:8957: checking whether -lc should be explicitly linked in
configure:8962: /usr/bin/gcc -c   -DPARSEC_VERSION=3.0-beta-20150206  conftest.c >&5
configure:8965: $? = 0
configure:8980: /usr/bin/gcc -shared conftest.o  -v -Wl,-soname -Wl,conftest -o conftest 2\>\&1 \| grep  -lc  \>/dev/null 2\>\&1
configure:8983: $? = 0
configure:8995: result: no
configure:9003: checking dynamic linker characteristics
configure:9396: /usr/bin/gcc -c   -DPARSEC_VERSION=3.0-beta-20150206  conftest.c >&5
configure:9399: $? = 0
configure:9612: result: GNU/Linux ld.so
configure:9621: checking how to hardcode library paths into programs
configure:9646: result: immediate
configure:9660: checking whether stripping libraries is possible
configure:9665: result: yes
configure:10185: checking if libtool supports shared libraries
configure:10187: result: yes
configure:10190: checking whether to build shared libraries
configure:10211: result: yes
configure:10214: checking whether to build static libraries
configure:10218: result: yes
configure:10310: creating libtool
configure:10899: checking for ld used by /usr/bin/g++
configure:10967: result: /usr/bin/ld -m elf_x86_64
configure:10974: checking if the linker (/usr/bin/ld -m elf_x86_64) is GNU ld
configure:10990: result: yes
configure:11041: checking whether the /usr/bin/g++ linker (/usr/bin/ld -m elf_x86_64) supports shared libraries
configure:11923: result: yes
configure:11941: /usr/bin/g++ -c  -fpermissive -fno-exceptions -std=c++17 -DPARSEC_VERSION=3.0-beta-20150206 -fexceptions  conftest.cpp >&5
configure:11944: $? = 0
configure:12063: checking for /usr/bin/g++ option to produce PIC
configure:12337: result: -fPIC
configure:12345: checking if /usr/bin/g++ PIC flag -fPIC works
configure:12364: /usr/bin/g++ -c  -fpermissive -fno-exceptions -std=c++17 -DPARSEC_VERSION=3.0-beta-20150206 -fexceptions  -fPIC -DPIC conftest.cpp >&5
configure:12368: $? = 0
configure:12381: result: yes
configure:12409: checking if /usr/bin/g++ static flag -static works
configure:12438: result: yes
configure:12448: checking if /usr/bin/g++ supports -c -o file.o
configure:12470: /usr/bin/g++ -c  -fpermissive -fno-exceptions -std=c++17 -DPARSEC_VERSION=3.0-beta-20150206 -fexceptions  -o out/conftest2.o conftest.cpp >&5
configure:12474: $? = 0
configure:12496: result: yes
configure:12522: checking whether the /usr/bin/g++ linker (/usr/bin/ld -m elf_x86_64) supports shared libraries
configure:12547: result: yes
configure:12614: checking dynamic linker characteristics
configure:13007: /usr/bin/g++ -c  -fpermissive -fno-exceptions -std=c++17 -DPARSEC_VERSION=3.0-beta-20150206 -fexceptions  conftest.cpp >&5
configure:13010: $? = 0
configure:13223: result: GNU/Linux ld.so
configure:13232: checking how to hardcode library paths into programs
configure:13257: result: immediate
configure:13786: checking if libtool supports shared libraries
configure:13788: result: yes
configure:13791: checking whether to build shared libraries
configure:13811: result: yes
configure:13814: checking whether to build static libraries
configure:13818: result: yes
configure:13828: checking for f77 option to produce PIC
configure:14038: result: -fPIC
configure:14046: checking if f77 PIC flag -fPIC works
configure:14065: f77 -c -g -O2 -fPIC conftest.f >&5
configure:14069: $? = 0
configure:14082: result: yes
configure:14110: checking if f77 static flag -static works
configure:14139: result: yes
configure:14149: checking if f77 supports -c -o file.o
configure:14171: f77 -c -g -O2 -o out/conftest2.o conftest.f >&5
configure:14175: $? = 0
configure:14197: result: yes
configure:14223: checking whether the f77 linker (/usr/bin/ld -m elf_x86_64) supports shared libraries
configure:15113: result: yes
configure:15180: checking dynamic linker characteristics
configure:15573: f77 -c -g -O2 conftest.f >&5
conftest.f:1:2:

    1 | #line 15572 "configure"
      |  1
Warning: Illegal preprocessor directive
configure:15576: $? = 0
configure:15789: result: GNU/Linux ld.so
configure:15798: checking how to hardcode library paths into programs
configure:15823: result: immediate
configure:19480: checking for C++ compiler version
configure:19489: /usr/bin/g++ --version >&5
g++ (Ubuntu 13.3.0-6ubuntu2~24.04) 13.3.0
Copyright (C) 2023 Free Software Foundation, Inc.
This is free software; see the source for copying conditions.  There is NO
warranty; not even for MERCHANTABILITY or FITNESS FOR A PARTICULAR PURPOSE.

configure:19500: $? = 0
configure:19489: /usr/bin/g++ -v >&5
Using built-in specs.
COLLECT_GCC=/usr/bin/g++
COLLECT_LTO_WRAPPER=/usr/libexec/gcc/x86_64-linux-gnu/13/lto-wrapper
OFFLOAD_TARGET_NAMES=nvptx-none:amdgcn-amdhsa
OFFLOAD_TARGET_DEFAULT=1
Target: x86_64-linux-gnu
Configured with: ../src/configure -v --with-pkgversion='Ubuntu 13.3.0-6ubuntu2~24.04' --with-bugurl=file:///usr/share/doc/gcc-13/README.Bugs --enable-languages=c,ada,c++,go,d,fortran,objc,obj-c++,m2 --prefix=/usr --with-gcc-major-version-only --program-suffix=-13 --program-prefix=x86_64-linux-gnu- --enable-shared --enable-linker-build-id --libexecdir=/usr/libexec --without-included-gettext --enable-threads=posix --libdir=/usr/lib --enable-nls --enable-bootstrap --enable-clocale=gnu --enable-libstdcxx-debug --enable-libstdcxx-time=yes --with-default-libstdcxx-abi=new --enable-libstdcxx-backtrace --enable-gnu-unique-object --disable-vtable-verify --enable-plugin --enable-default-pie --with-system-zlib --enable-libphobos-checking=release --with-target-system-zlib=auto --enable-objc-gc=auto --enable-multiarch --disable-werror --enable-cet --with-arch-32=i686 --with-abi=m64 --with-multilib-list=m32,m64,mx32 --enable-multilib --with-tune=generic --enable-offload-targets=nvptx-none=/build/gcc-13-fG75Ri/gcc-13-13.3.0/debian/tmp-nvptx/usr,amdgcn-amdhsa=/build/gcc-13-fG75Ri/gcc-13-13.3.0/debian/tmp-gcn/usr --enable-offload-defaulted --without-cuda-driver --enable-checking=release --build=x86_64-linux-gnu --host=x86_64-linux-gnu --target=x86_64-linux-gnu --with-build-config=bootstrap-lto-lean --enable-link-serialization=2
Thread model: posix
Supported LTO compression algorithms: zlib zstd
gcc version 13.3.0 (Ubuntu 13.3.0-6ubuntu2~24.04) 
... rest of stderr output deleted ...
configure:19500: $? = 0
configure:19489: /usr/bin/g++ -V >&5
g++: error: unrecognized command-line option '-V'
g++: fatal error: no input files
compilation terminated.
configure:19500: $? = 1
configure:19489: /usr/bin/g++ -qversion >&5
g++: error: unrecognized command-line option '-qversion'; did you mean '--version'?
g++: fatal error: no input files
compilation terminated.
configure:19500: $? = 1
configure:19504: checking whether the compiler supports GNU C++
configure:19534: result: yes
configure:19545: checking whether /usr/bin/g++ accepts -g
configure:19610: result: yes
configure:19630: checking for /usr/bin/g++ option to enable C++11 features
configure:19663: result: none needed
configure:19729: checking dependency style of /usr/bin/g++
configure:19820: result: gcc3
configure:19838: checking whether ln -s works
configure:19842: result: yes
configure:19849: checking whether make sets $(MAKE)
configure:19872: result: yes
configure:19884: checking for main in -lpthread
configure:19904: /usr/bin/gcc -o conftest   -DPARSEC_VERSION=3.0-beta-20150206   conftest.c -lpthread  -lpthread  >&5
configure:19904: $? = 0
configure:19914: result: yes
configure:19977: checking for pthread.h
configure:19977: /usr/bin/gcc -c   -DPARSEC_VERSION=3.0-beta-20150206  conftest.c >&5
configure:19977: $? = 0
configure:19977: result: yes
configure:19986: checking for stdint.h
configure:19986: result: yes
configure:19998: checking for egrep
configure:20066: result: /usr/bin/grep -E
configure:20072: checking for _Bool
configure:20072: /usr/bin/gcc -c   -DPARSEC_VERSION=3.0-beta-20150206  conftest.c >&5
configure:20072: $? = 0
configure:20072: /usr/bin/gcc -c   -DPARSEC_VERSION=3.0-beta-20150206  conftest.c >&5
conftest.c: In function 'main':
conftest.c:56:20: error: expected expression before ')' token
   56 | if (sizeof ((_Bool)))
      |                    ^
configure:20072: $? = 1
configure: failed program was:
| /* confdefs.h */
| #define PACKAGE_NAME "Body Tracking Benchmark"
| #define PACKAGE_TARNAME "body-tracking-benchmark"
| #define PACKAGE_VERSION "1.0"
| #define PACKAGE_STRING "Body Tracking Benchmark 1.0"
| #define PACKAGE_BUGREPORT "cbienia@cs.princeton.edu"
| #define PACKAGE_URL ""
| #define PACKAGE "body-tracking-benchmark"
| #define VERSION "1.0"
| #define HAVE_STDIO_H 1
| #define HAVE_STDLIB_H 1
| #define HAVE_STRING_H 1
| #define HAVE_INTTYPES_H 1
| #define HAVE_STDINT_H 1
| #define HAVE_STRINGS_H 1
| #define HAVE_SYS_STAT_H 1
| #define HAVE_SYS_TYPES_H 1
| #define HAVE_UNISTD_H 1
| #define HAVE_SYS_TIME_H 1
| #define STDC_HEADERS 1
| #define HAVE_DLFCN_H 1
| #define HAVE_LIBPTHREAD 1
| #define HAVE_STDINT_H 1
| /* end confdefs.h.  */
| #include <stddef.h>
| #ifdef HAVE_STDIO_H
| # include <stdio.h>
| #endif
| #ifdef HAVE_STDLIB_H
| # include <stdlib.h>
| #endif
| #ifdef HAVE_STRING_H
| # include <string.h>
| #endif
| #ifdef HAVE_INTTYPES_H
| # include <inttypes.h>
| #endif
| #ifdef HAVE_STDINT_H
| # include <stdint.h>
| #endif
| #ifdef HAVE_STRINGS_H
| # include <strings.h>
| #endif
| #ifdef HAVE_SYS_TYPES_H
| # include <sys/types.h>
| #endif
| #ifdef HAVE_SYS_STAT_H
| # include <sys/stat.h>
| #endif
| #ifdef HAVE_UNISTD_H
| # include <unistd.h>
| #endif
| int
| main (void)
| {
| if (sizeof ((_Bool)))
| 	    return 0;
|   ;
|   return 0;
| }
configure:20072: result: yes
configure:20081: checking for stdbool.h that conforms to C99
configure:20197: /usr/bin/gcc -c   -DPARSEC_VERSION=3.0-beta-20150206  conftest.c >&5
configure:20197: $? = 0
configure:20205: result: yes
configure:20224: checking for an ANSI C-conforming const
configure:20291: /usr/bin/gcc -c   -DPARSEC_VERSION=3.0-beta-20150206  conftest.c >&5
configure:20291: $? = 0
configure:20299: result: yes
configure:20307: checking for inline
configure:20324: /usr/bin/gcc -c   -DPARSEC_VERSION=3.0-beta-20150206  conftest.c >&5
configure:20324: $? = 0
configure:20333: result: inline
configure:20354: checking for memset
configure:20354: /usr/bin/gcc -o conftest   -DPARSEC_VERSION=3.0-beta-20150206   conftest.c -lpthread -lpthread  >&5
conftest.c:44:6: warning: conflicting types for built-in function 'memset'; expected 'void *(void *, int,  long unsigned int)' [-Wbuiltin-declaration-mismatch]
   44 | char memset ();
      |      ^~~~~~
conftest.c:36:1: note: 'memset' is declared in header '<string.h>'
   35 | #include <limits.h>
   36 | #undef memset
configure:20354: $? = 0
configure:20354: result: yes
configure:20360: checking for sqrt
configure:20360: /usr/bin/gcc -o conftest   -DPARSEC_VERSION=3.0-beta-20150206   conftest.c -lpthread -lpthread  >&5
conftest.c:45:6: warning: conflicting types for built-in function 'sqrt'; expected 'double(double)' [-Wbuiltin-declaration-mismatch]
   45 | char sqrt ();
      |      ^~~~
conftest.c:37:1: note: 'sqrt' is declared in header '<math.h>'
   36 | #include <limits.h>
   37 | #undef sqrt
/usr/bin/ld: /tmp/ccG0ztN2.o: in function `main':
conftest.c:(.text+0xe): undefined reference to `sqrt'
collect2: error: ld returned 1 exit status
configure:20360: $? = 1
configure: failed program was:
| /* confdefs.h */
| #define PACKAGE_NAME "Body Tracking Benchmark"
| #define PACKAGE_TARNAME "body-tracking-benchmark"
| #define PACKAGE_VERSION "1.0"
| #define PACKAGE_STRING "Body Tracking Benchmark 1.0"
| #define PACKAGE_BUGREPORT "cbienia@cs.princeton.edu"
| #define PACKAGE_URL ""
| #define PACKAGE "body-tracking-benchmark"
| #define VERSION "1.0"
| #define HAVE_STDIO_H 1
| #define HAVE_STDLIB_H 1
| #define HAVE_STRING_H 1
| #define HAVE_INTTYPES_H 1
| #define HAVE_STDINT_H 1
| #define HAVE_STRINGS_H 1
| #define HAVE_SYS_STAT_H 1
| #define HAVE_SYS_TYPES_H 1
| #define HAVE_UNISTD_H 1
| #define HAVE_SYS_TIME_H 1
| #define STDC_HEADERS 1
| #define HAVE_DLFCN_H 1
| #define HAVE_LIBPTHREAD 1
| #define HAVE_STDINT_H 1
| #define HAVE__BOOL 1
| #define HAVE_STDBOOL_H 1
| #define TIME_WITH_SYS_TIME 1
| #define HAVE_MEMSET 1
| /* end confdefs.h.  */
| /* Define sqrt to an innocuous variant, in case <limits.h> declares sqrt.
|    For example, HP-UX 11i <limits.h> declares gettimeofday.  */
| #define sqrt innocuous_sqrt
| 
| /* System header to define __stub macros and hopefully few prototypes,
|    which can conflict with char sqrt (); below.  */
| 
| #include <limits.h>
| #undef sqrt
| 
| /* Override any GCC internal prototype to avoid an error.
|    Use char because int might match the return type of a GCC
|    builtin and then its argument prototype would still apply.  */
| #ifdef __cplusplus
| extern "C"
| #endif
| char sqrt ();
| /* The GNU C library defines this for functions which it implements
|     to always fail with ENOSYS.  Some functions are actually named
|     something starting with __ and the normal name is an alias.  */
| #if defined __stub_sqrt || defined __stub___sqrt
| choke me
| #endif
| 
| int
| main (void)
| {
| return sqrt ();
|   ;
|   return 0;
| }
configure:20360: result: no
configure:20577: creating ./config.status

## ---------------- ##
## Cache variables. ##
## ---------------- ##

ac_cv_build=x86_64-pc-linux-gnu
ac_cv_c_compiler_gnu=yes
ac_cv_c_const=yes
ac_cv_c_inline=inline
ac_cv_cxx_compiler_gnu=yes
ac_cv_env_CCC_set=
ac_cv_env_CCC_value=
ac_cv_env_CC_set=set
ac_cv_env_CC_value=/usr/bin/gcc
ac_cv_env_CFLAGS_set=set
ac_cv_env_CFLAGS_value='  -DPARSEC_VERSION=3.0-beta-20150206'
ac_cv_env_CPPFLAGS_set=set
ac_cv_env_CPPFLAGS_value=
ac_cv_env_CXXCPP_set=set
ac_cv_env_CXXCPP_value=
ac_cv_env_CXXFLAGS_set=set
ac_cv_env_CXXFLAGS_value=' -fpermissive -fno-exceptions -std=c++17 -DPARSEC_VERSION=3.0-beta-20150206 -fexceptions'
ac_cv_env_CXX_set=set
ac_cv_env_CXX_value=/usr/bin/g++
ac_cv_env_F77_set=
ac_cv_env_F77_value=
ac_cv_env_FFLAGS_set=
ac_cv_env_FFLAGS_value=
ac_cv_env_LDFLAGS_set=set
ac_cv_env_LDFLAGS_value=
ac_cv_env_LIBS_set=set
ac_cv_env_LIBS_value='-lpthread '
ac_cv_env_build_alias_set=set
ac_cv_env_build_alias_value=
ac_cv_env_host_alias_set=set
ac_cv_env_host_alias_value=
ac_cv_env_target_alias_set=
ac_cv_env_target_alias_value=
ac_cv_f77_compiler_gnu=yes
ac_cv_func_memset=yes
ac_cv_func_sqrt=no
ac_cv_header_dlfcn_h=yes
ac_cv_header_inttypes_h=yes
ac_cv_header_pthread_h=yes
ac_cv_header_stdbool_h=yes
ac_cv_header_stdint_h=yes
ac_cv_header_stdio_h=yes
ac_cv_header_stdlib_h=yes
ac_cv_header_string_h=yes
ac_cv_header_strings_h=yes
ac_cv_header_sys_stat_h=yes
ac_cv_header_sys_time_h=yes
ac_cv_header_sys_types_h=yes
ac_cv_header_unistd_h=yes
ac_cv_host=x86_64-pc-linux-gnu
ac_cv_lib_pthread=ac_cv_lib_pthread_main
ac_cv_lib_pthread_main=yes
ac_cv_objext=o
ac_cv_path_EGREP='/usr/bin/grep -E'
ac_cv_path_GREP=/usr/bin/grep
ac_cv_path_install='/export/scratch/users/anton386/remove_me2/parsec-benchmark/bin/install -c'
ac_cv_prog_AWK=gawk
ac_cv_prog_CXXCPP='/usr/bin/g++ -E'
ac_cv_prog_ac_ct_AR=/usr/bin/ar
ac_cv_prog_ac_ct_CC=/usr/bin/gcc
ac_cv_prog_ac_ct_F77=f77
ac_cv_prog_ac_ct_RANLIB=/usr/bin/ranlib
ac_cv_prog_ac_ct_STRIP=/usr/bin/strip
ac_cv_prog_cc_c11=
ac_cv_prog_cc_g=yes
ac_cv_prog_cc_stdc=
ac_cv_prog_cxx_cxx11=
ac_cv_prog_cxx_g=yes
ac_cv_prog_cxx_stdcxx=
ac_cv_prog_f77_g=yes
ac_cv_prog_make_make_set=yes
ac_cv_type__Bool=yes
am_cv_CC_dependencies_compiler_type=gcc3
am_cv_CXX_dependencies_compiler_type=gcc3
lt_cv_deplibs_check_method=pass_all
lt_cv_file_magic_cmd='$MAGIC_CMD'
lt_cv_file_magic_test_file=
lt_cv_ld_reload_flag=-r
lt_cv_objdir=.libs
lt_cv_path_LD=/usr/bin/ld
lt_cv_path_LDCXX='/usr/bin/ld -m elf_x86_64'
lt_cv_path_NM='/usr/bin/nm -B'
lt_cv_path_SED=/usr/bin/sed
lt_cv_prog_compiler_c_o=yes
lt_cv_prog_compiler_c_o_CXX=yes
lt_cv_prog_compiler_c_o_F77=yes
lt_cv_prog_compiler_rtti_exceptions=no
lt_cv_prog_gnu_ld=yes
lt_cv_prog_gnu_ldcxx=yes
lt_cv_sys_global_symbol_pipe='sed -n -e '\''s/^.*[ 	]\([ABCDGIRSTW][ABCDGIRSTW]*\)[ 	][ 	]*\([_A-Za-z][_A-Za-z0-9]*\)$/\1 \2 \2/p'\'''
lt_cv_sys_global_symbol_to_c_name_address='sed -n -e '\''s/^: \([^ ]*\) $/  {\"\1\", (lt_ptr) 0},/p'\'' -e '\''s/^[BCDEGRST] \([^ ]*\) \([^ ]*\)$/  {"\2", (lt_ptr) \&\2},/p'\'''
lt_cv_sys_global_symbol_to_cdecl='sed -n -e '\''s/^. .* \(.*\)$/extern int \1;/p'\'''
lt_cv_sys_max_cmd_len=32768
lt_lt_cv_prog_compiler_c_o='"yes"'
lt_lt_cv_prog_compiler_c_o_CXX='"yes"'
lt_lt_cv_prog_compiler_c_o_F77='"yes"'
lt_lt_cv_sys_global_symbol_pipe='"sed -n -e '\''s/^.*[ 	]\\([ABCDGIRSTW][ABCDGIRSTW]*\\)[ 	][ 	]*\\([_A-Za-z][_A-Za-z0-9]*\\)\$/\\1 \\2 \\2/p'\''"'
lt_lt_cv_sys_global_symbol_to_c_name_address='"sed -n -e '\''s/^: \\([^ ]*\\) \$/  {\\\"\\1\\\", (lt_ptr) 0},/p'\'' -e '\''s/^[BCDEGRST] \\([^ ]*\\) \\([^ ]*\\)\$/  {\"\\2\", (lt_ptr) \\&\\2},/p'\''"'
lt_lt_cv_sys_global_symbol_to_cdecl='"sed -n -e '\''s/^. .* \\(.*\\)\$/extern int \\1;/p'\''"'

## ----------------- ##
## Output variables. ##
## ----------------- ##

ACLOCAL='${SHELL} /export/scratch/users/anton386/remove_me2/parsec-benchmark/pkgs/apps/bodytrack/src/missing --run aclocal-1.9'
AMDEPBACKSLASH='\'
AMDEP_FALSE='#'
AMDEP_TRUE=''
AMTAR='${SHELL} /export/scratch/users/anton386/remove_me2/parsec-benchmark/pkgs/apps/bodytrack/src/missing --run tar'
AR='/usr/bin/ar'
AUTOCONF='${SHELL} /export/scratch/users/anton386/remove_me2/parsec-benchmark/pkgs/apps/bodytrack/src/missing --run autoconf'
AUTOHEADER='${SHELL} /export/scratch/users/anton386/remove_me2/parsec-benchmark/pkgs/apps/bodytrack/src/missing --run autoheader'
AUTOMAKE='${SHELL} /export/scratch/users/anton386/remove_me2/parsec-benchmark/pkgs/apps/bodytrack/src/missing --run automake-1.9'
AWK='gawk'
CC='/usr/bin/gcc'
CCDEPMODE='depmode=gcc3'
CFLAGS='  -DPARSEC_VERSION=3.0-beta-20150206'
CPPFLAGS=''
CXX='/usr/bin/g++'
CXXCPP='/usr/bin/g++ -E'
CXXDEPMODE='depmode=gcc3'
CXXFLAGS=' -fpermissive -fno-exceptions -std=c++17 -DPARSEC_VERSION=3.0-beta-20150206 -fexceptions -Wall -Wno-unknown-pragmas -std=c++11'
CYGPATH_W='echo'
DEFS='-DHAVE_CONFIG_H'
DEPDIR='.deps'
ECHO='echo'
ECHO_C=''
ECHO_N='-n'
ECHO_T=''
EGREP='/usr/bin/grep -E'
ENABLE_OPENMP=''
ENABLE_OPENMP_FALSE=''
ENABLE_OPENMP_TRUE='#'
ENABLE_TBB=''
ENABLE_TBB_FALSE=''
ENABLE_TBB_TRUE='#'
ENABLE_THREADS=''
ENABLE_THREADS_FALSE='#'
ENABLE_THREADS_TRUE=''
EXEEXT=''
F77='f77'
FFLAGS='-g -O2'
GREP='/usr/bin/grep'
INSTALL_DATA='${INSTALL} -m 644'
INSTALL_PROGRAM='${INSTALL}'
INSTALL_SCRIPT='${INSTALL}'
INSTALL_STRIP_PROGRAM='${SHELL} $(install_sh) -c -s'
LDFLAGS=''
LIBOBJS=''
LIBS='-lpthread -lpthread '
LIBTOOL='$(SHELL) $(top_builddir)/libtool'
LN_S='ln -s'
LTLIBOBJS=''
MAKEINFO='${SHELL} /export/scratch/users/anton386/remove_me2/parsec-benchmark/pkgs/apps/bodytrack/src/missing --run makeinfo'
OBJEXT='o'
PACKAGE='body-tracking-benchmark'
PACKAGE_BUGREPORT='cbienia@cs.princeton.edu'
PACKAGE_NAME='Body Tracking Benchmark'
PACKAGE_STRING='Body Tracking Benchmark 1.0'
PACKAGE_TARNAME='body-tracking-benchmark'
PACKAGE_URL=''
PACKAGE_VERSION='1.0'
PATH_SEPARATOR=':'
RANLIB='/usr/bin/ranlib'
SED='/usr/bin/sed'
SET_MAKE=''
SHELL='/bin/sh'
STRIP='/usr/bin/strip'
VERSION='1.0'
ac_ct_CC='/usr/bin/gcc'
ac_ct_CXX=''
ac_ct_F77='f77'
am__fastdepCC_FALSE='#'
am__fastdepCC_TRUE=''
am__fastdepCXX_FALSE='#'
am__fastdepCXX_TRUE=''
am__include='include'
am__leading_dot='.'
am__quote=''
am__tar='${AMTAR} chof - "$$tardir"'
am__untar='${AMTAR} xf -'
bindir='${exec_prefix}/bin'
build='x86_64-pc-linux-gnu'
build_alias=''
build_cpu='x86_64'
build_os='linux-gnu'
build_vendor='pc'
datadir='${datarootdir}'
datarootdir='${prefix}/share'
docdir='${datarootdir}/doc/${PACKAGE_TARNAME}'
dvidir='${docdir}'
exec_prefix='${prefix}'
host='x86_64-pc-linux-gnu'
host_alias=''
host_cpu='x86_64'
host_os='linux-gnu'
host_vendor='pc'
htmldir='${docdir}'
includedir='${prefix}/include'
infodir='${datarootdir}/info'
install_sh='/export/scratch/users/anton386/remove_me2/parsec-benchmark/pkgs/apps/bodytrack/src/install-sh'
libdir='${exec_prefix}/lib'
libexecdir='${exec_prefix}/libexec'
localedir='${datarootdir}/locale'
localstatedir='${prefix}/var'
mandir='${datarootdir}/man'
mkdir_p='mkdir -p --'
oldincludedir='/usr/include'
pdfdir='${docdir}'
prefix='/export/scratch/users/anton386/remove_me2/parsec-benchmark/pkgs/apps/bodytrack/inst/amd64-linux.gcc'
program_transform_name='s,x,x,'
psdir='${docdir}'
runstatedir='${localstatedir}/run'
sbindir='${exec_prefix}/sbin'
sharedstatedir='${prefix}/com'
sysconfdir='${prefix}/etc'
target_alias=''

## ----------- ##
## confdefs.h. ##
## ----------- ##

/* confdefs.h */
#define PACKAGE_NAME "Body Tracking Benchmark"
#define PACKAGE_TARNAME "body-tracking-benchmark"
#define PACKAGE_VERSION "1.0"
#define PACKAGE_STRING "Body Tracking Benchmark 1.0"
#define PACKAGE_BUGREPORT "cbienia@cs.princeton.edu"
#define PACKAGE_URL ""
#define PACKAGE "body-tracking-benchmark"
#define VERSION "1.0"
#define HAVE_STDIO_H 1
#define HAVE_STDLIB_H 1
#define HAVE_STRING_H 1
#define HAVE_INTTYPES_H 1
#define HAVE_STDINT_H 1
#define HAVE_STRINGS_H 1
#define HAVE_SYS_STAT_H 1
#define HAVE_SYS_TYPES_H 1
#define HAVE_UNISTD_H 1
#define HAVE_SYS_TIME_H 1
#define STDC_HEADERS 1
#define HAVE_DLFCN_H 1
#define HAVE_LIBPTHREAD 1
#define HAVE_STDINT_H 1
#define HAVE__BOOL 1
#define HAVE_STDBOOL_H 1
#define TIME_WITH_SYS_TIME 1
#define HAVE_MEMSET 1
#define USE_THREADS 1

configure: exit 0

## ---------------------- ##
## Running config.status. ##
## ---------------------- ##

This file was extended by Body Tracking Benchmark config.status 1.0, which was
generated by GNU Autoconf 2.71.  Invocation command line was

  CONFIG_FILES    = 
  CONFIG_HEADERS  = 
  CONFIG_LINKS    = 
  CONFIG_COMMANDS = 
  $ ./config.status 

on csel-kh1250-19

config.status:880: creating Makefile
config.status:880: creating FlexImageLib/Makefile
config.status:880: creating TrackingBenchmark/Makefile
config.status:880: creating TrackingBenchmark/threads/Makefile
config.status:880: creating config.h
config.status:1087: executing depfiles commands

## ---------------------- ##
## Running config.status. ##
## ---------------------- ##

This file was extended by Body Tracking Benchmark config.status 1.0, which was
generated by GNU Autoconf 2.71.  Invocation command line was

  CONFIG_FILES    = 
  CONFIG_HEADERS  = 
  CONFIG_LINKS    = 
  CONFIG_COMMANDS = 
  $ ./config.status config.h

on csel-kh1250-19

config.status:880: creating config.h
