This file contains any messages produced by compilers while
running configure, to aid debugging if configure makes a mistake.

It was created by configure, which was
generated by GNU Autoconf 2.71.  Invocation command line was

  $ /export/scratch/users/anton386/remove_me2/parsec-benchmark/pkgs/apps/vips/src/configure --disable-shared --disable-cxx --without-fftw3 --without-magick --without-liboil --without-lcms --without-OpenEXR --without-matio --without-pangoft2 --without-tiff --without-jpeg --without-zip --without-png --without-libexif --without-python --without-x --without-perl --without-v4l --without-cimg --enable-threads --build= --host= --prefix=/export/scratch/users/anton386/remove_me2/parsec-benchmark/pkgs/apps/vips/inst/amd64-linux.gcc build_alias= host_alias= CC=/usr/bin/gcc 'CFLAGS=  -DPARSEC_VERSION=3.0-beta-20150206' 'LDFLAGS=-L/export/scratch/users/anton386/remove_me2/parsec-benchmark/pkgs/libs/glib/inst/amd64-linux.gcc/lib -L/export/scratch/users/anton386/remove_me2/parsec-benchmark/pkgs/libs/zlib/inst/amd64-linux.gcc/lib ' 'LIBS= -lstdc++' CPPFLAGS= CXX=/usr/bin/g++ 'CXXFLAGS=-I/export/scratch/users/anton386/remove_me2/parsec-benchmark/pkgs/libs/glib/inst/amd64-linux.gcc/include -I/export/scratch/users/anton386/remove_me2/parsec-benchmark/pkgs/libs/zlib/inst/amd64-linux.gcc/include -fpermissive -fno-exceptions -std=c++17 -DPARSEC_VERSION=3.0-beta-20150206 -fexceptions' CPP=/usr/bin/cpp CXXCPP= --no-create --no-recursion

## --------- ##
## Platform. ##
## --------- ##

hostname = csel-kh1250-19
uname -m = x86_64
uname -r = 6.14.0-36-generic
uname -s = Linux
uname -v = #36~24.04.1-Ubuntu SMP PREEMPT_DYNAMIC Wed Oct 15 15:45:17 UTC 2

/usr/bin/uname -p = x86_64
/bin/uname -X     = unknown

/bin/arch              = x86_64
/usr/bin/arch -k       = unknown
/usr/convex/getsysinfo = unknown
/usr/bin/hostinfo      = unknown
/bin/machine           = unknown
/usr/bin/oslevel       = unknown
/bin/universe          = unknown

PATH: /export/scratch/users/anton386/remove_me2/parsec-benchmark/bin/
PATH: /user/local/cuda/bin/
PATH: /opt/conda/condabin/
PATH: /usr/local/sbin/
PATH: /usr/local/bin/
PATH: /usr/sbin/
PATH: /usr/bin/
PATH: /sbin/
PATH: /bin/
PATH: /usr/games/
PATH: /usr/local/games/
PATH: /snap/bin/
PATH: /usr/local/scripts/
PATH: /opt/puppetlabs/bin/
PATH: /soft/idea/2024.2.4/bin/
PATH: /soft/instantclient/21_3/
PATH: /soft/MATLAB/R2024b/bin/
PATH: /soft/sqldeveloper/21.2.1.204.1703-no-jre/bin/
PATH: /soft/supermongo/2.4.13/bin/
PATH: /export/scratch/users/anton386/remove_me2/parsec-benchmark/bin/


## ----------- ##
## Core tests. ##
## ----------- ##

configure:3220: looking for aux files: ltmain.sh config.guess config.sub missing install-sh
configure:3233:  trying /export/scratch/users/anton386/remove_me2/parsec-benchmark/pkgs/apps/vips/src/
configure:3262:   /export/scratch/users/anton386/remove_me2/parsec-benchmark/pkgs/apps/vips/src/ltmain.sh found
configure:3262:   /export/scratch/users/anton386/remove_me2/parsec-benchmark/pkgs/apps/vips/src/config.guess found
configure:3262:   /export/scratch/users/anton386/remove_me2/parsec-benchmark/pkgs/apps/vips/src/config.sub found
configure:3262:   /export/scratch/users/anton386/remove_me2/parsec-benchmark/pkgs/apps/vips/src/missing found
configure:3244:   /export/scratch/users/anton386/remove_me2/parsec-benchmark/pkgs/apps/vips/src/install-sh found
configure:3423: checking for a BSD-compatible install
configure:3496: result: /export/scratch/users/anton386/remove_me2/parsec-benchmark/bin/install -c
configure:3507: checking whether build environment is sane
configure:3557: result: yes
configure:3710: checking for a race-free mkdir -p
configure:3754: result: /usr/bin/mkdir -p
configure:3767: checking for gawk
configure:3788: found /usr/bin/gawk
configure:3799: result: gawk
configure:3810: checking whether make sets $(MAKE)
configure:3833: result: yes
configure:3928: checking build system type
configure:3943: result: x86_64-pc-linux-gnu
configure:3963: checking host system type
configure:3977: result: x86_64-pc-linux-gnu
configure:4024: checking for native Win32
configure:4034: result: no
configure:4069: checking for binary open needed
configure:4079: result: no
configure:4087: checking for Mac OS X
configure:4097: result: no
configure:4140: checking for style of include used by make
configure:4168: result: GNU
configure:4244: checking for gcc
configure:4276: result: /usr/bin/gcc
configure:4629: checking for C compiler version
configure:4638: /usr/bin/gcc --version >&5
gcc (Ubuntu 13.3.0-6ubuntu2~24.04) 13.3.0
Copyright (C) 2023 Free Software Foundation, Inc.
This is free software; see the source for copying conditions.  There is NO
warranty; not even for MERCHANTABILITY or FITNESS FOR A PARTICULAR PURPOSE.

configure:4649: $? = 0
configure:4638: /usr/bin/gcc -v >&5
Using built-in specs.
COLLECT_GCC=/usr/bin/gcc
COLLECT_LTO_WRAPPER=/usr/libexec/gcc/x86_64-linux-gnu/13/lto-wrapper
OFFLOAD_TARGET_NAMES=nvptx-none:amdgcn-amdhsa
OFFLOAD_TARGET_DEFAULT=1
Target: x86_64-linux-gnu
Configured with: ../src/configure -v --with-pkgversion='Ubuntu 13.3.0-6ubuntu2~24.04' --with-bugurl=file:///usr/share/doc/gcc-13/README.Bugs --enable-languages=c,ada,c++,go,d,fortran,objc,obj-c++,m2 --prefix=/usr --with-gcc-major-version-only --program-suffix=-13 --program-prefix=x86_64-linux-gnu- --enable-shared --enable-linker-build-id --libexecdir=/usr/libexec --without-included-gettext --enable-threads=posix --libdir=/usr/lib --enable-nls --enable-bootstrap --enable-clocale=gnu --enable-libstdcxx-debug --enable-libstdcxx-time=yes --with-default-libstdcxx-abi=new --enable-libstdcxx-backtrace --enable-gnu-unique-object --disable-vtable-verify --enable-plugin --enable-default-pie --with-system-zlib --enable-libphobos-checking=release --with-target-system-zlib=auto --enable-objc-gc=auto --enable-multiarch --disable-werror --enable-cet --with-arch-32=i686 --with-abi=m64 --with-multilib-list=m32,m64,mx32 --enable-multilib --with-tune=generic --enable-offload-targets=nvptx-none=/build/gcc-13-fG75Ri/gcc-13-13.3.0/debian/tmp-nvptx/usr,amdgcn-amdhsa=/build/gcc-13-fG75Ri/gcc-13-13.3.0/debian/tmp-gcn/usr --enable-offload-defaulted --without-cuda-driver --enable-checking=release --build=x86_64-linux-gnu --host=x86_64-linux-gnu --target=x86_64-linux-gnu --with-build-config=bootstrap-lto-lean --enable-link-serialization=2
Thread model: posix
Supported LTO compression algorithms: zlib zstd
gcc version 13.3.0 (Ubuntu 13.3.0-6ubuntu2~24.04) 
... rest of stderr output deleted ...
configure:4649: $? = 0
configure:4638: /usr/bin/gcc -V >&5
gcc: error: unrecognized command-line option '-V'
gcc: fatal error: no input files
compilation terminated.
configure:4649: $? = 1
configure:4638: /usr/bin/gcc -qversion >&5
gcc: error: unrecognized command-line option '-qversion'; did you mean '--version'?
gcc: fatal error: no input files
compilation terminated.
configure:4649: $? = 1
configure:4638: /usr/bin/gcc -version >&5
gcc: error: unrecognized command-line option '-version'
gcc: fatal error: no input files
compilation terminated.
configure:4649: $? = 1
configure:4669: checking whether the C compiler works
configure:4691: /usr/bin/gcc   -DPARSEC_VERSION=3.0-beta-20150206  -L/export/scratch/users/anton386/remove_me2/parsec-benchmark/pkgs/libs/glib/inst/amd64-linux.gcc/lib -L/export/scratch/users/anton386/remove_me2/parsec-benchmark/pkgs/libs/zlib/inst/amd64-linux.gcc/lib  conftest.c  -lstdc++ >&5
configure:4695: $? = 0
configure:4745: result: yes
configure:4748: checking for C compiler default output file name
configure:4750: result: a.out
configure:4756: checking for suffix of executables
configure:4763: /usr/bin/gcc -o conftest   -DPARSEC_VERSION=3.0-beta-20150206  -L/export/scratch/users/anton386/remove_me2/parsec-benchmark/pkgs/libs/glib/inst/amd64-linux.gcc/lib -L/export/scratch/users/anton386/remove_me2/parsec-benchmark/pkgs/libs/zlib/inst/amd64-linux.gcc/lib  conftest.c  -lstdc++ >&5
configure:4767: $? = 0
configure:4790: result: 
configure:4812: checking whether we are cross compiling
configure:4820: /usr/bin/gcc -o conftest   -DPARSEC_VERSION=3.0-beta-20150206  -L/export/scratch/users/anton386/remove_me2/parsec-benchmark/pkgs/libs/glib/inst/amd64-linux.gcc/lib -L/export/scratch/users/anton386/remove_me2/parsec-benchmark/pkgs/libs/zlib/inst/amd64-linux.gcc/lib  conftest.c  -lstdc++ >&5
configure:4824: $? = 0
configure:4831: ./conftest
configure:4835: $? = 0
configure:4850: result: no
configure:4855: checking for suffix of object files
configure:4878: /usr/bin/gcc -c   -DPARSEC_VERSION=3.0-beta-20150206  conftest.c >&5
configure:4882: $? = 0
configure:4904: result: o
configure:4908: checking whether the compiler supports GNU C
configure:4928: /usr/bin/gcc -c   -DPARSEC_VERSION=3.0-beta-20150206  conftest.c >&5
configure:4928: $? = 0
configure:4938: result: yes
configure:4949: checking whether /usr/bin/gcc accepts -g
configure:4970: /usr/bin/gcc -c -g  conftest.c >&5
configure:4970: $? = 0
configure:5014: result: yes
configure:5034: checking for /usr/bin/gcc option to enable C11 features
configure:5049: /usr/bin/gcc  -c   -DPARSEC_VERSION=3.0-beta-20150206  conftest.c >&5
configure:5049: $? = 0
configure:5067: result: none needed
configure:5179: checking dependency style of /usr/bin/gcc
configure:5290: result: gcc3
configure:5314: checking for special C compiler options needed for large files
configure:5362: result: no
configure:5368: checking for _FILE_OFFSET_BITS value needed for large files
configure:5394: /usr/bin/gcc -c   -DPARSEC_VERSION=3.0-beta-20150206  conftest.c >&5
configure:5394: $? = 0
configure:5428: result: no
configure:5516: checking for gawk
configure:5548: result: gawk
configure:5612: checking for gcc
configure:5644: result: /usr/bin/gcc
configure:5997: checking for C compiler version
configure:6006: /usr/bin/gcc --version >&5
gcc (Ubuntu 13.3.0-6ubuntu2~24.04) 13.3.0
Copyright (C) 2023 Free Software Foundation, Inc.
This is free software; see the source for copying conditions.  There is NO
warranty; not even for MERCHANTABILITY or FITNESS FOR A PARTICULAR PURPOSE.

configure:6017: $? = 0
configure:6006: /usr/bin/gcc -v >&5
Using built-in specs.
COLLECT_GCC=/usr/bin/gcc
COLLECT_LTO_WRAPPER=/usr/libexec/gcc/x86_64-linux-gnu/13/lto-wrapper
OFFLOAD_TARGET_NAMES=nvptx-none:amdgcn-amdhsa
OFFLOAD_TARGET_DEFAULT=1
Target: x86_64-linux-gnu
Configured with: ../src/configure -v --with-pkgversion='Ubuntu 13.3.0-6ubuntu2~24.04' --with-bugurl=file:///usr/share/doc/gcc-13/README.Bugs --enable-languages=c,ada,c++,go,d,fortran,objc,obj-c++,m2 --prefix=/usr --with-gcc-major-version-only --program-suffix=-13 --program-prefix=x86_64-linux-gnu- --enable-shared --enable-linker-build-id --libexecdir=/usr/libexec --without-included-gettext --enable-threads=posix --libdir=/usr/lib --enable-nls --enable-bootstrap --enable-clocale=gnu --enable-libstdcxx-debug --enable-libstdcxx-time=yes --with-default-libstdcxx-abi=new --enable-libstdcxx-backtrace --enable-gnu-unique-object --disable-vtable-verify --enable-plugin --enable-default-pie --with-system-zlib --enable-libphobos-checking=release --with-target-system-zlib=auto --enable-objc-gc=auto --enable-multiarch --disable-werror --enable-cet --with-arch-32=i686 --with-abi=m64 --with-multilib-list=m32,m64,mx32 --enable-multilib --with-tune=generic --enable-offload-targets=nvptx-none=/build/gcc-13-fG75Ri/gcc-13-13.3.0/debian/tmp-nvptx/usr,amdgcn-amdhsa=/build/gcc-13-fG75Ri/gcc-13-13.3.0/debian/tmp-gcn/usr --enable-offload-defaulted --without-cuda-driver --enable-checking=release --build=x86_64-linux-gnu --host=x86_64-linux-gnu --target=x86_64-linux-gnu --with-build-config=bootstrap-lto-lean --enable-link-serialization=2
Thread model: posix
Supported LTO compression algorithms: zlib zstd
gcc version 13.3.0 (Ubuntu 13.3.0-6ubuntu2~24.04) 
... rest of stderr output deleted ...
configure:6017: $? = 0
configure:6006: /usr/bin/gcc -V >&5
gcc: error: unrecognized command-line option '-V'
gcc: fatal error: no input files
compilation terminated.
configure:6017: $? = 1
configure:6006: /usr/bin/gcc -qversion >&5
gcc: error: unrecognized command-line option '-qversion'; did you mean '--version'?
gcc: fatal error: no input files
compilation terminated.
configure:6017: $? = 1
configure:6006: /usr/bin/gcc -version >&5
gcc: error: unrecognized command-line option '-version'
gcc: fatal error: no input files
compilation terminated.
configure:6017: $? = 1
configure:6021: checking whether the compiler supports GNU C
configure:6051: result: yes
configure:6062: checking whether /usr/bin/gcc accepts -g
configure:6127: result: yes
configure:6147: checking for /usr/bin/gcc option to enable C11 features
configure:6180: result: none needed
configure:6292: checking dependency style of /usr/bin/gcc
configure:6403: result: gcc3
configure:6419: checking for an ANSI C-conforming const
configure:6486: /usr/bin/gcc -c   -DPARSEC_VERSION=3.0-beta-20150206  conftest.c >&5
configure:6486: $? = 0
configure:6494: result: yes
configure:6502: checking for C/C++ restrict keyword
configure:6532: /usr/bin/gcc -c   -DPARSEC_VERSION=3.0-beta-20150206  conftest.c >&5
configure:6532: $? = 0
configure:6541: result: __restrict__
configure:6600: checking for ranlib
configure:6632: result: /usr/bin/ranlib
configure:6655: checking whether ln -s works
configure:6659: result: yes
configure:6666: checking if malloc debugging is wanted
configure:6685: result: no
configure:7273: checking for stdio.h
configure:7273: /usr/bin/gcc -c   -DPARSEC_VERSION=3.0-beta-20150206  conftest.c >&5
configure:7273: $? = 0
configure:7273: result: yes
configure:7273: checking for stdlib.h
configure:7273: /usr/bin/gcc -c   -DPARSEC_VERSION=3.0-beta-20150206  conftest.c >&5
configure:7273: $? = 0
configure:7273: result: yes
configure:7273: checking for string.h
configure:7273: /usr/bin/gcc -c   -DPARSEC_VERSION=3.0-beta-20150206  conftest.c >&5
configure:7273: $? = 0
configure:7273: result: yes
configure:7273: checking for inttypes.h
configure:7273: /usr/bin/gcc -c   -DPARSEC_VERSION=3.0-beta-20150206  conftest.c >&5
configure:7273: $? = 0
configure:7273: result: yes
configure:7273: checking for stdint.h
configure:7273: /usr/bin/gcc -c   -DPARSEC_VERSION=3.0-beta-20150206  conftest.c >&5
configure:7273: $? = 0
configure:7273: result: yes
configure:7273: checking for strings.h
configure:7273: /usr/bin/gcc -c   -DPARSEC_VERSION=3.0-beta-20150206  conftest.c >&5
configure:7273: $? = 0
configure:7273: result: yes
configure:7273: checking for sys/stat.h
configure:7273: /usr/bin/gcc -c   -DPARSEC_VERSION=3.0-beta-20150206  conftest.c >&5
configure:7273: $? = 0
configure:7273: result: yes
configure:7273: checking for sys/types.h
configure:7273: /usr/bin/gcc -c   -DPARSEC_VERSION=3.0-beta-20150206  conftest.c >&5
configure:7273: $? = 0
configure:7273: result: yes
configure:7273: checking for unistd.h
configure:7273: /usr/bin/gcc -c   -DPARSEC_VERSION=3.0-beta-20150206  conftest.c >&5
configure:7273: $? = 0
configure:7273: result: yes
configure:7273: checking for sys/param.h
configure:7273: /usr/bin/gcc -c   -DPARSEC_VERSION=3.0-beta-20150206  conftest.c >&5
configure:7273: $? = 0
configure:7273: result: yes
configure:7298: checking for grep that handles long lines and -e
configure:7362: result: /usr/bin/grep
configure:7370: checking for egrep
configure:7438: result: /usr/bin/grep -E
configure:7445: checking for locale.h
configure:7445: /usr/bin/gcc -c   -DPARSEC_VERSION=3.0-beta-20150206  conftest.c >&5
configure:7445: $? = 0
configure:7445: result: yes
configure:7453: checking for LC_MESSAGES
configure:7470: /usr/bin/gcc -o conftest   -DPARSEC_VERSION=3.0-beta-20150206  -L/export/scratch/users/anton386/remove_me2/parsec-benchmark/pkgs/libs/glib/inst/amd64-linux.gcc/lib -L/export/scratch/users/anton386/remove_me2/parsec-benchmark/pkgs/libs/zlib/inst/amd64-linux.gcc/lib  conftest.c  -lstdc++ >&5
configure:7470: $? = 0
configure:7479: result: yes
configure:7496: checking for libintl.h
configure:7496: /usr/bin/gcc -c   -DPARSEC_VERSION=3.0-beta-20150206  conftest.c >&5
configure:7496: $? = 0
configure:7496: result: yes
configure:7505: checking for ngettext in libc
configure:7524: /usr/bin/gcc -o conftest   -DPARSEC_VERSION=3.0-beta-20150206  -L/export/scratch/users/anton386/remove_me2/parsec-benchmark/pkgs/libs/glib/inst/amd64-linux.gcc/lib -L/export/scratch/users/anton386/remove_me2/parsec-benchmark/pkgs/libs/zlib/inst/amd64-linux.gcc/lib  conftest.c  -lstdc++ >&5
configure:7524: $? = 0
configure:7534: result: yes
configure:7538: checking for dgettext in libc
configure:7557: /usr/bin/gcc -o conftest   -DPARSEC_VERSION=3.0-beta-20150206  -L/export/scratch/users/anton386/remove_me2/parsec-benchmark/pkgs/libs/glib/inst/amd64-linux.gcc/lib -L/export/scratch/users/anton386/remove_me2/parsec-benchmark/pkgs/libs/zlib/inst/amd64-linux.gcc/lib  conftest.c  -lstdc++ >&5
configure:7557: $? = 0
configure:7567: result: yes
configure:7572: checking for bind_textdomain_codeset
configure:7572: /usr/bin/gcc -o conftest   -DPARSEC_VERSION=3.0-beta-20150206  -L/export/scratch/users/anton386/remove_me2/parsec-benchmark/pkgs/libs/glib/inst/amd64-linux.gcc/lib -L/export/scratch/users/anton386/remove_me2/parsec-benchmark/pkgs/libs/zlib/inst/amd64-linux.gcc/lib  conftest.c  -lstdc++ >&5
configure:7572: $? = 0
configure:7572: result: yes
configure:7842: checking for msgfmt
configure:7870: result: /usr/bin/msgfmt
configure:7879: checking for dcgettext
configure:7879: /usr/bin/gcc -o conftest   -DPARSEC_VERSION=3.0-beta-20150206  -L/export/scratch/users/anton386/remove_me2/parsec-benchmark/pkgs/libs/glib/inst/amd64-linux.gcc/lib -L/export/scratch/users/anton386/remove_me2/parsec-benchmark/pkgs/libs/zlib/inst/amd64-linux.gcc/lib  conftest.c  -lstdc++  >&5
conftest.c:49:6: warning: conflicting types for built-in function 'dcgettext'; expected 'char *(const char *, const char *, int)' [-Wbuiltin-declaration-mismatch]
   49 | char dcgettext ();
      |      ^~~~~~~~~
configure:7879: $? = 0
configure:7879: result: yes
configure:7887: checking if msgfmt accepts -c
configure:7902: $MSGFMT -c -o /dev/null conftest.foo
conftest.foo:3: warning: header field 'Language' missing in header
configure:7905: $? = 0
configure:7907: result: yes
configure:7917: checking for gmsgfmt
configure:7953: result: /usr/bin/msgfmt
configure:7963: checking for xgettext
configure:7991: result: /usr/bin/xgettext
configure:8010: /usr/bin/gcc -o conftest   -DPARSEC_VERSION=3.0-beta-20150206  -L/export/scratch/users/anton386/remove_me2/parsec-benchmark/pkgs/libs/glib/inst/amd64-linux.gcc/lib -L/export/scratch/users/anton386/remove_me2/parsec-benchmark/pkgs/libs/zlib/inst/amd64-linux.gcc/lib  conftest.c  -lstdc++  >&5
configure:8010: $? = 0
configure:8089: checking for catalogs to be installed
configure:8114: result:  en_GB de
configure:8161: checking for dirent.h that defines DIR
configure:8181: /usr/bin/gcc -c   -DPARSEC_VERSION=3.0-beta-20150206  conftest.c >&5
configure:8181: $? = 0
configure:8190: result: yes
configure:8204: checking for library containing opendir
configure:8234: /usr/bin/gcc -o conftest   -DPARSEC_VERSION=3.0-beta-20150206  -L/export/scratch/users/anton386/remove_me2/parsec-benchmark/pkgs/libs/glib/inst/amd64-linux.gcc/lib -L/export/scratch/users/anton386/remove_me2/parsec-benchmark/pkgs/libs/zlib/inst/amd64-linux.gcc/lib  conftest.c  -lstdc++ >&5
configure:8234: $? = 0
configure:8254: result: none required
configure:8328: checking for egrep
configure:8396: result: /usr/bin/grep -E
configure:8402: checking for errno.h
configure:8402: /usr/bin/gcc -c   -DPARSEC_VERSION=3.0-beta-20150206  conftest.c >&5
configure:8402: $? = 0
configure:8402: result: yes
configure:8408: checking for math.h
configure:8408: /usr/bin/gcc -c   -DPARSEC_VERSION=3.0-beta-20150206  conftest.c >&5
configure:8408: $? = 0
configure:8408: result: yes
configure:8414: checking for fcntl.h
configure:8414: /usr/bin/gcc -c   -DPARSEC_VERSION=3.0-beta-20150206  conftest.c >&5
configure:8414: $? = 0
configure:8414: result: yes
configure:8420: checking for limits.h
configure:8420: /usr/bin/gcc -c   -DPARSEC_VERSION=3.0-beta-20150206  conftest.c >&5
configure:8420: $? = 0
configure:8420: result: yes
configure:8426: checking for stdlib.h
configure:8426: result: yes
configure:8432: checking for string.h
configure:8432: result: yes
configure:8438: checking for sys/file.h
configure:8438: /usr/bin/gcc -c   -DPARSEC_VERSION=3.0-beta-20150206  conftest.c >&5
configure:8438: $? = 0
configure:8438: result: yes
configure:8444: checking for sys/ioctl.h
configure:8444: /usr/bin/gcc -c   -DPARSEC_VERSION=3.0-beta-20150206  conftest.c >&5
configure:8444: $? = 0
configure:8444: result: yes
configure:8450: checking for sys/param.h
configure:8450: result: yes
configure:8456: checking for sys/time.h
configure:8456: /usr/bin/gcc -c   -DPARSEC_VERSION=3.0-beta-20150206  conftest.c >&5
configure:8456: $? = 0
configure:8456: result: yes
configure:8462: checking for sys/mman.h
configure:8462: /usr/bin/gcc -c   -DPARSEC_VERSION=3.0-beta-20150206  conftest.c >&5
configure:8462: $? = 0
configure:8462: result: yes
configure:8468: checking for sys/types.h
configure:8468: result: yes
configure:8474: checking for sys/stat.h
configure:8474: result: yes
configure:8480: checking for unistd.h
configure:8480: result: yes
configure:8486: checking for io.h
configure:8486: /usr/bin/gcc -c   -DPARSEC_VERSION=3.0-beta-20150206  conftest.c >&5
conftest.c:78:10: fatal error: io.h: No such file or directory
   78 | #include <io.h>
      |          ^~~~~~
compilation terminated.
configure:8486: $? = 1
configure: failed program was:
| /* confdefs.h */
| #define PACKAGE_NAME ""
| #define PACKAGE_TARNAME ""
| #define PACKAGE_VERSION ""
| #define PACKAGE_STRING ""
| #define PACKAGE_BUGREPORT ""
| #define PACKAGE_URL ""
| #define PACKAGE "vips"
| #define VERSION "7.22.1"
| #define G_LOG_DOMAIN "VIPS"
| #define VIPS_ICC_DIR "/usr/share/color/icc"
| #define restrict __restrict__
| #define IM_EXEEXT ""
| #define IM_PREFIX "/export/scratch/users/anton386/remove_me2/parsec-benchmark/pkgs/apps/vips/inst/amd64-linux.gcc"
| #define IM_LIBDIR "/export/scratch/users/anton386/remove_me2/parsec-benchmark/pkgs/apps/vips/inst/amd64-linux.gcc/lib"
| #define GETTEXT_PACKAGE "vips7"
| #define HAVE_STDIO_H 1
| #define HAVE_STDLIB_H 1
| #define HAVE_STRING_H 1
| #define HAVE_INTTYPES_H 1
| #define HAVE_STDINT_H 1
| #define HAVE_STRINGS_H 1
| #define HAVE_SYS_STAT_H 1
| #define HAVE_SYS_TYPES_H 1
| #define HAVE_UNISTD_H 1
| #define HAVE_SYS_PARAM_H 1
| #define STDC_HEADERS 1
| #define HAVE_LOCALE_H 1
| #define HAVE_LC_MESSAGES 1
| #define HAVE_BIND_TEXTDOMAIN_CODESET 1
| #define HAVE_GETTEXT 1
| #define HAVE_DCGETTEXT 1
| #define ENABLE_NLS 1
| #define HAVE_DIRENT_H 1
| #define HAVE_ERRNO_H 1
| #define HAVE_MATH_H 1
| #define HAVE_FCNTL_H 1
| #define HAVE_LIMITS_H 1
| #define HAVE_STDLIB_H 1
| #define HAVE_STRING_H 1
| #define HAVE_SYS_FILE_H 1
| #define HAVE_SYS_IOCTL_H 1
| #define HAVE_SYS_PARAM_H 1
| #define HAVE_SYS_TIME_H 1
| #define HAVE_SYS_MMAN_H 1
| #define HAVE_SYS_TYPES_H 1
| #define HAVE_SYS_STAT_H 1
| #define HAVE_UNISTD_H 1
| /* end confdefs.h.  */
| #include <stddef.h>
| #ifdef HAVE_STDIO_H
| # include <stdio.h>
| #endif
| #ifdef HAVE_STDLIB_H
| # include <stdlib.h>
| #endif
| #ifdef HAVE_STRING_H
| # include <string.h>
| #endif
| #ifdef HAVE_INTTYPES_H
| # include <inttypes.h>
| #endif
| #ifdef HAVE_STDINT_H
| # include <stdint.h>
| #endif
| #ifdef HAVE_STRINGS_H
| # include <strings.h>
| #endif
| #ifdef HAVE_SYS_TYPES_H
| # include <sys/types.h>
| #endif
| #ifdef HAVE_SYS_STAT_H
| # include <sys/stat.h>
| #endif
| #ifdef HAVE_UNISTD_H
| # include <unistd.h>
| #endif
| #include <io.h>
configure:8486: result: no
configure:8492: checking for direct.h
configure:8492: /usr/bin/gcc -c   -DPARSEC_VERSION=3.0-beta-20150206  conftest.c >&5
conftest.c:78:10: fatal error: direct.h: No such file or directory
   78 | #include <direct.h>
      |          ^~~~~~~~~~
compilation terminated.
configure:8492: $? = 1
configure: failed program was:
| /* confdefs.h */
| #define PACKAGE_NAME ""
| #define PACKAGE_TARNAME ""
| #define PACKAGE_VERSION ""
| #define PACKAGE_STRING ""
| #define PACKAGE_BUGREPORT ""
| #define PACKAGE_URL ""
| #define PACKAGE "vips"
| #define VERSION "7.22.1"
| #define G_LOG_DOMAIN "VIPS"
| #define VIPS_ICC_DIR "/usr/share/color/icc"
| #define restrict __restrict__
| #define IM_EXEEXT ""
| #define IM_PREFIX "/export/scratch/users/anton386/remove_me2/parsec-benchmark/pkgs/apps/vips/inst/amd64-linux.gcc"
| #define IM_LIBDIR "/export/scratch/users/anton386/remove_me2/parsec-benchmark/pkgs/apps/vips/inst/amd64-linux.gcc/lib"
| #define GETTEXT_PACKAGE "vips7"
| #define HAVE_STDIO_H 1
| #define HAVE_STDLIB_H 1
| #define HAVE_STRING_H 1
| #define HAVE_INTTYPES_H 1
| #define HAVE_STDINT_H 1
| #define HAVE_STRINGS_H 1
| #define HAVE_SYS_STAT_H 1
| #define HAVE_SYS_TYPES_H 1
| #define HAVE_UNISTD_H 1
| #define HAVE_SYS_PARAM_H 1
| #define STDC_HEADERS 1
| #define HAVE_LOCALE_H 1
| #define HAVE_LC_MESSAGES 1
| #define HAVE_BIND_TEXTDOMAIN_CODESET 1
| #define HAVE_GETTEXT 1
| #define HAVE_DCGETTEXT 1
| #define ENABLE_NLS 1
| #define HAVE_DIRENT_H 1
| #define HAVE_ERRNO_H 1
| #define HAVE_MATH_H 1
| #define HAVE_FCNTL_H 1
| #define HAVE_LIMITS_H 1
| #define HAVE_STDLIB_H 1
| #define HAVE_STRING_H 1
| #define HAVE_SYS_FILE_H 1
| #define HAVE_SYS_IOCTL_H 1
| #define HAVE_SYS_PARAM_H 1
| #define HAVE_SYS_TIME_H 1
| #define HAVE_SYS_MMAN_H 1
| #define HAVE_SYS_TYPES_H 1
| #define HAVE_SYS_STAT_H 1
| #define HAVE_UNISTD_H 1
| /* end confdefs.h.  */
| #include <stddef.h>
| #ifdef HAVE_STDIO_H
| # include <stdio.h>
| #endif
| #ifdef HAVE_STDLIB_H
| # include <stdlib.h>
| #endif
| #ifdef HAVE_STRING_H
| # include <string.h>
| #endif
| #ifdef HAVE_INTTYPES_H
| # include <inttypes.h>
| #endif
| #ifdef HAVE_STDINT_H
| # include <stdint.h>
| #endif
| #ifdef HAVE_STRINGS_H
| # include <strings.h>
| #endif
| #ifdef HAVE_SYS_TYPES_H
| # include <sys/types.h>
| #endif
| #ifdef HAVE_SYS_STAT_H
| # include <sys/stat.h>
| #endif
| #ifdef HAVE_UNISTD_H
| # include <unistd.h>
| #endif
| #include <direct.h>
configure:8492: result: no
configure:8498: checking for windows.h
configure:8498: /usr/bin/gcc -c   -DPARSEC_VERSION=3.0-beta-20150206  conftest.c >&5
conftest.c:78:10: fatal error: windows.h: No such file or directory
   78 | #include <windows.h>
      |          ^~~~~~~~~~~
compilation terminated.
configure:8498: $? = 1
configure: failed program was:
| /* confdefs.h */
| #define PACKAGE_NAME ""
| #define PACKAGE_TARNAME ""
| #define PACKAGE_VERSION ""
| #define PACKAGE_STRING ""
| #define PACKAGE_BUGREPORT ""
| #define PACKAGE_URL ""
| #define PACKAGE "vips"
| #define VERSION "7.22.1"
| #define G_LOG_DOMAIN "VIPS"
| #define VIPS_ICC_DIR "/usr/share/color/icc"
| #define restrict __restrict__
| #define IM_EXEEXT ""
| #define IM_PREFIX "/export/scratch/users/anton386/remove_me2/parsec-benchmark/pkgs/apps/vips/inst/amd64-linux.gcc"
| #define IM_LIBDIR "/export/scratch/users/anton386/remove_me2/parsec-benchmark/pkgs/apps/vips/inst/amd64-linux.gcc/lib"
| #define GETTEXT_PACKAGE "vips7"
| #define HAVE_STDIO_H 1
| #define HAVE_STDLIB_H 1
| #define HAVE_STRING_H 1
| #define HAVE_INTTYPES_H 1
| #define HAVE_STDINT_H 1
| #define HAVE_STRINGS_H 1
| #define HAVE_SYS_STAT_H 1
| #define HAVE_SYS_TYPES_H 1
| #define HAVE_UNISTD_H 1
| #define HAVE_SYS_PARAM_H 1
| #define STDC_HEADERS 1
| #define HAVE_LOCALE_H 1
| #define HAVE_LC_MESSAGES 1
| #define HAVE_BIND_TEXTDOMAIN_CODESET 1
| #define HAVE_GETTEXT 1
| #define HAVE_DCGETTEXT 1
| #define ENABLE_NLS 1
| #define HAVE_DIRENT_H 1
| #define HAVE_ERRNO_H 1
| #define HAVE_MATH_H 1
| #define HAVE_FCNTL_H 1
| #define HAVE_LIMITS_H 1
| #define HAVE_STDLIB_H 1
| #define HAVE_STRING_H 1
| #define HAVE_SYS_FILE_H 1
| #define HAVE_SYS_IOCTL_H 1
| #define HAVE_SYS_PARAM_H 1
| #define HAVE_SYS_TIME_H 1
| #define HAVE_SYS_MMAN_H 1
| #define HAVE_SYS_TYPES_H 1
| #define HAVE_SYS_STAT_H 1
| #define HAVE_UNISTD_H 1
| /* end confdefs.h.  */
| #include <stddef.h>
| #ifdef HAVE_STDIO_H
| # include <stdio.h>
| #endif
| #ifdef HAVE_STDLIB_H
| # include <stdlib.h>
| #endif
| #ifdef HAVE_STRING_H
| # include <string.h>
| #endif
| #ifdef HAVE_INTTYPES_H
| # include <inttypes.h>
| #endif
| #ifdef HAVE_STDINT_H
| # include <stdint.h>
| #endif
| #ifdef HAVE_STRINGS_H
| # include <strings.h>
| #endif
| #ifdef HAVE_SYS_TYPES_H
| # include <sys/types.h>
| #endif
| #ifdef HAVE_SYS_STAT_H
| # include <sys/stat.h>
| #endif
| #ifdef HAVE_UNISTD_H
| # include <unistd.h>
| #endif
| #include <windows.h>
configure:8498: result: no
configure:8890: checking for dllwrap
configure:8925: result: no
configure:8992: checking for dlltool
configure:9024: result: dlltool
configure:9094: checking for objdump
configure:9126: result: objdump
configure:9196: checking for ranlib
configure:9228: result: /usr/bin/ranlib
configure:9298: checking for strip
configure:9330: result: /usr/bin/strip
configure:9400: checking for ar
configure:9432: result: /usr/bin/ar
configure:9502: checking for as
configure:9534: result: /usr/bin/as
configure:9604: checking for ld
configure:9636: result: /usr/bin/ld -m elf_x86_64
configure:9685: checking for a sed that does not truncate output
configure:9755: result: /usr/bin/sed
configure:9773: checking for fgrep
configure:9841: result: /usr/bin/grep -F
configure:9877: checking for ld used by /usr/bin/gcc
configure:9945: result: /usr/bin/ld -m elf_x86_64
configure:9952: checking if the linker (/usr/bin/ld -m elf_x86_64) is GNU ld
configure:9968: result: yes
configure:9980: checking for BSD- or MS-compatible name lister (nm)
configure:10030: result: /usr/bin/nm -B
configure:10158: checking the name lister (/usr/bin/nm -B) interface
configure:10166: /usr/bin/gcc -c   -DPARSEC_VERSION=3.0-beta-20150206  conftest.c >&5
configure:10169: /usr/bin/nm -B "conftest.o"
configure:10172: output
0000000000000000 B some_variable
configure:10179: result: BSD nm
configure:10183: checking the maximum length of command line arguments
configure:10304: result: 1572864
configure:10321: checking whether the shell understands some XSI constructs
configure:10331: result: yes
configure:10335: checking whether the shell understands "+="
configure:10341: result: yes
configure:10376: checking for /usr/bin/ld -m elf_x86_64 option to reload object files
configure:10384: result: -r
configure:10458: checking for objdump
configure:10490: result: objdump
configure:10519: checking how to recognize dependent libraries
configure:10716: result: pass_all
configure:10781: checking for ar
configure:10813: result: /usr/bin/ar
configure:10896: checking for strip
configure:10928: result: /usr/bin/strip
configure:11005: checking for ranlib
configure:11037: result: /usr/bin/ranlib
configure:11127: checking command to parse /usr/bin/nm -B output from /usr/bin/gcc object
configure:11246: /usr/bin/gcc -c   -DPARSEC_VERSION=3.0-beta-20150206  conftest.c >&5
configure:11249: $? = 0
configure:11253: /usr/bin/nm -B conftest.o \| sed -n -e 's/^.*[	 ]\([ABCDGIRSTW][ABCDGIRSTW]*\)[	 ][	 ]*\([_A-Za-z][_A-Za-z0-9]*\)$/\1 \2 \2/p' \> conftest.nm
configure:11256: $? = 0
configure:11310: /usr/bin/gcc -o conftest   -DPARSEC_VERSION=3.0-beta-20150206  -L/export/scratch/users/anton386/remove_me2/parsec-benchmark/pkgs/libs/glib/inst/amd64-linux.gcc/lib -L/export/scratch/users/anton386/remove_me2/parsec-benchmark/pkgs/libs/zlib/inst/amd64-linux.gcc/lib  conftest.c conftstm.o >&5
configure:11313: $? = 0
configure:11351: result: ok
configure:11447: /usr/bin/gcc -c   -DPARSEC_VERSION=3.0-beta-20150206  conftest.c >&5
configure:11450: $? = 0
configure:12210: checking for dlfcn.h
configure:12210: /usr/bin/gcc -c   -DPARSEC_VERSION=3.0-beta-20150206  conftest.c >&5
configure:12210: $? = 0
configure:12210: result: yes
configure:12342: checking for C++ compiler version
configure:12351: /usr/bin/g++ --version >&5
g++ (Ubuntu 13.3.0-6ubuntu2~24.04) 13.3.0
Copyright (C) 2023 Free Software Foundation, Inc.
This is free software; see the source for copying conditions.  There is NO
warranty; not even for MERCHANTABILITY or FITNESS FOR A PARTICULAR PURPOSE.

configure:12362: $? = 0
configure:12351: /usr/bin/g++ -v >&5
Using built-in specs.
COLLECT_GCC=/usr/bin/g++
COLLECT_LTO_WRAPPER=/usr/libexec/gcc/x86_64-linux-gnu/13/lto-wrapper
OFFLOAD_TARGET_NAMES=nvptx-none:amdgcn-amdhsa
OFFLOAD_TARGET_DEFAULT=1
Target: x86_64-linux-gnu
Configured with: ../src/configure -v --with-pkgversion='Ubuntu 13.3.0-6ubuntu2~24.04' --with-bugurl=file:///usr/share/doc/gcc-13/README.Bugs --enable-languages=c,ada,c++,go,d,fortran,objc,obj-c++,m2 --prefix=/usr --with-gcc-major-version-only --program-suffix=-13 --program-prefix=x86_64-linux-gnu- --enable-shared --enable-linker-build-id --libexecdir=/usr/libexec --without-included-gettext --enable-threads=posix --libdir=/usr/lib --enable-nls --enable-bootstrap --enable-clocale=gnu --enable-libstdcxx-debug --enable-libstdcxx-time=yes --with-default-libstdcxx-abi=new --enable-libstdcxx-backtrace --enable-gnu-unique-object --disable-vtable-verify --enable-plugin --enable-default-pie --with-system-zlib --enable-libphobos-checking=release --with-target-system-zlib=auto --enable-objc-gc=auto --enable-multiarch --disable-werror --enable-cet --with-arch-32=i686 --with-abi=m64 --with-multilib-list=m32,m64,mx32 --enable-multilib --with-tune=generic --enable-offload-targets=nvptx-none=/build/gcc-13-fG75Ri/gcc-13-13.3.0/debian/tmp-nvptx/usr,amdgcn-amdhsa=/build/gcc-13-fG75Ri/gcc-13-13.3.0/debian/tmp-gcn/usr --enable-offload-defaulted --without-cuda-driver --enable-checking=release --build=x86_64-linux-gnu --host=x86_64-linux-gnu --target=x86_64-linux-gnu --with-build-config=bootstrap-lto-lean --enable-link-serialization=2
Thread model: posix
Supported LTO compression algorithms: zlib zstd
gcc version 13.3.0 (Ubuntu 13.3.0-6ubuntu2~24.04) 
... rest of stderr output deleted ...
configure:12362: $? = 0
configure:12351: /usr/bin/g++ -V >&5
g++: error: unrecognized command-line option '-V'
g++: fatal error: no input files
compilation terminated.
configure:12362: $? = 1
configure:12351: /usr/bin/g++ -qversion >&5
g++: error: unrecognized command-line option '-qversion'; did you mean '--version'?
g++: fatal error: no input files
compilation terminated.
configure:12362: $? = 1
configure:12366: checking whether the compiler supports GNU C++
configure:12386: /usr/bin/g++ -c -I/export/scratch/users/anton386/remove_me2/parsec-benchmark/pkgs/libs/glib/inst/amd64-linux.gcc/include -I/export/scratch/users/anton386/remove_me2/parsec-benchmark/pkgs/libs/zlib/inst/amd64-linux.gcc/include -fpermissive -fno-exceptions -std=c++17 -DPARSEC_VERSION=3.0-beta-20150206 -fexceptions  conftest.cpp >&5
configure:12386: $? = 0
configure:12396: result: yes
configure:12407: checking whether /usr/bin/g++ accepts -g
configure:12428: /usr/bin/g++ -c -g  conftest.cpp >&5
configure:12428: $? = 0
configure:12472: result: yes
configure:12492: checking for /usr/bin/g++ option to enable C++11 features
configure:12507: /usr/bin/g++  -c -I/export/scratch/users/anton386/remove_me2/parsec-benchmark/pkgs/libs/glib/inst/amd64-linux.gcc/include -I/export/scratch/users/anton386/remove_me2/parsec-benchmark/pkgs/libs/zlib/inst/amd64-linux.gcc/include -fpermissive -fno-exceptions -std=c++17 -DPARSEC_VERSION=3.0-beta-20150206 -fexceptions  conftest.cpp >&5
conftest.cpp: In function 'int main(int, char**)':
conftest.cpp:217:25: warning: empty parentheses were disambiguated as a function declaration [-Wvexing-parse]
  217 |   cxx11test::delegate d2();
      |                         ^~
conftest.cpp:217:25: note: remove parentheses to default-initialize a variable
  217 |   cxx11test::delegate d2();
      |                         ^~
      |                         --
conftest.cpp:217:25: note: or replace parentheses with braces to value-initialize a variable
configure:12507: $? = 0
configure:12525: result: none needed
configure:12591: checking dependency style of /usr/bin/g++
configure:12702: result: gcc3
configure:12725: checking how to run the C++ preprocessor
configure:12747: /usr/bin/g++ -E  conftest.cpp
configure:12747: $? = 0
configure:12762: /usr/bin/g++ -E  conftest.cpp
conftest.cpp:51:10: fatal error: ac_nonexistent.h: No such file or directory
   51 | #include <ac_nonexistent.h>
      |          ^~~~~~~~~~~~~~~~~~
compilation terminated.
configure:12762: $? = 1
configure: failed program was:
| /* confdefs.h */
| #define PACKAGE_NAME ""
| #define PACKAGE_TARNAME ""
| #define PACKAGE_VERSION ""
| #define PACKAGE_STRING ""
| #define PACKAGE_BUGREPORT ""
| #define PACKAGE_URL ""
| #define PACKAGE "vips"
| #define VERSION "7.22.1"
| #define G_LOG_DOMAIN "VIPS"
| #define VIPS_ICC_DIR "/usr/share/color/icc"
| #define restrict __restrict__
| #define IM_EXEEXT ""
| #define IM_PREFIX "/export/scratch/users/anton386/remove_me2/parsec-benchmark/pkgs/apps/vips/inst/amd64-linux.gcc"
| #define IM_LIBDIR "/export/scratch/users/anton386/remove_me2/parsec-benchmark/pkgs/apps/vips/inst/amd64-linux.gcc/lib"
| #define GETTEXT_PACKAGE "vips7"
| #define HAVE_STDIO_H 1
| #define HAVE_STDLIB_H 1
| #define HAVE_STRING_H 1
| #define HAVE_INTTYPES_H 1
| #define HAVE_STDINT_H 1
| #define HAVE_STRINGS_H 1
| #define HAVE_SYS_STAT_H 1
| #define HAVE_SYS_TYPES_H 1
| #define HAVE_UNISTD_H 1
| #define HAVE_SYS_PARAM_H 1
| #define STDC_HEADERS 1
| #define HAVE_LOCALE_H 1
| #define HAVE_LC_MESSAGES 1
| #define HAVE_BIND_TEXTDOMAIN_CODESET 1
| #define HAVE_GETTEXT 1
| #define HAVE_DCGETTEXT 1
| #define ENABLE_NLS 1
| #define HAVE_DIRENT_H 1
| #define HAVE_ERRNO_H 1
| #define HAVE_MATH_H 1
| #define HAVE_FCNTL_H 1
| #define HAVE_LIMITS_H 1
| #define HAVE_STDLIB_H 1
| #define HAVE_STRING_H 1
| #define HAVE_SYS_FILE_H 1
| #define HAVE_SYS_IOCTL_H 1
| #define HAVE_SYS_PARAM_H 1
| #define HAVE_SYS_TIME_H 1
| #define HAVE_SYS_MMAN_H 1
| #define HAVE_SYS_TYPES_H 1
| #define HAVE_SYS_STAT_H 1
| #define HAVE_UNISTD_H 1
| #define HAVE_DLFCN_H 1
| /* end confdefs.h.  */
| #include <ac_nonexistent.h>
configure:12789: result: /usr/bin/g++ -E
configure:12803: /usr/bin/g++ -E  conftest.cpp
configure:12803: $? = 0
configure:12818: /usr/bin/g++ -E  conftest.cpp
conftest.cpp:51:10: fatal error: ac_nonexistent.h: No such file or directory
   51 | #include <ac_nonexistent.h>
      |          ^~~~~~~~~~~~~~~~~~
compilation terminated.
configure:12818: $? = 1
configure: failed program was:
| /* confdefs.h */
| #define PACKAGE_NAME ""
| #define PACKAGE_TARNAME ""
| #define PACKAGE_VERSION ""
| #define PACKAGE_STRING ""
| #define PACKAGE_BUGREPORT ""
| #define PACKAGE_URL ""
| #define PACKAGE "vips"
| #define VERSION "7.22.1"
| #define G_LOG_DOMAIN "VIPS"
| #define VIPS_ICC_DIR "/usr/share/color/icc"
| #define restrict __restrict__
| #define IM_EXEEXT ""
| #define IM_PREFIX "/export/scratch/users/anton386/remove_me2/parsec-benchmark/pkgs/apps/vips/inst/amd64-linux.gcc"
| #define IM_LIBDIR "/export/scratch/users/anton386/remove_me2/parsec-benchmark/pkgs/apps/vips/inst/amd64-linux.gcc/lib"
| #define GETTEXT_PACKAGE "vips7"
| #define HAVE_STDIO_H 1
| #define HAVE_STDLIB_H 1
| #define HAVE_STRING_H 1
| #define HAVE_INTTYPES_H 1
| #define HAVE_STDINT_H 1
| #define HAVE_STRINGS_H 1
| #define HAVE_SYS_STAT_H 1
| #define HAVE_SYS_TYPES_H 1
| #define HAVE_UNISTD_H 1
| #define HAVE_SYS_PARAM_H 1
| #define STDC_HEADERS 1
| #define HAVE_LOCALE_H 1
| #define HAVE_LC_MESSAGES 1
| #define HAVE_BIND_TEXTDOMAIN_CODESET 1
| #define HAVE_GETTEXT 1
| #define HAVE_DCGETTEXT 1
| #define ENABLE_NLS 1
| #define HAVE_DIRENT_H 1
| #define HAVE_ERRNO_H 1
| #define HAVE_MATH_H 1
| #define HAVE_FCNTL_H 1
| #define HAVE_LIMITS_H 1
| #define HAVE_STDLIB_H 1
| #define HAVE_STRING_H 1
| #define HAVE_SYS_FILE_H 1
| #define HAVE_SYS_IOCTL_H 1
| #define HAVE_SYS_PARAM_H 1
| #define HAVE_SYS_TIME_H 1
| #define HAVE_SYS_MMAN_H 1
| #define HAVE_SYS_TYPES_H 1
| #define HAVE_SYS_STAT_H 1
| #define HAVE_UNISTD_H 1
| #define HAVE_DLFCN_H 1
| /* end confdefs.h.  */
| #include <ac_nonexistent.h>
configure:13028: checking for objdir
configure:13044: result: .libs
configure:13336: checking if /usr/bin/gcc supports -fno-rtti -fno-exceptions
configure:13355: /usr/bin/gcc -c   -DPARSEC_VERSION=3.0-beta-20150206  -fno-rtti -fno-exceptions conftest.c >&5
cc1: warning: command-line option '-fno-rtti' is valid for C++/D/ObjC++ but not for C
configure:13359: $? = 0
configure:13372: result: no
configure:13392: checking for /usr/bin/gcc option to produce PIC
configure:13664: result: -fPIC -DPIC
configure:13676: checking if /usr/bin/gcc PIC flag -fPIC -DPIC works
configure:13695: /usr/bin/gcc -c   -DPARSEC_VERSION=3.0-beta-20150206  -fPIC -DPIC -DPIC conftest.c >&5
configure:13699: $? = 0
configure:13712: result: yes
configure:13736: checking if /usr/bin/gcc static flag -static works
configure:13765: result: yes
configure:13780: checking if /usr/bin/gcc supports -c -o file.o
configure:13802: /usr/bin/gcc -c   -DPARSEC_VERSION=3.0-beta-20150206  -o out/conftest2.o conftest.c >&5
configure:13806: $? = 0
configure:13828: result: yes
configure:13836: checking if /usr/bin/gcc supports -c -o file.o
configure:13884: result: yes
configure:13917: checking whether the /usr/bin/gcc linker (/usr/bin/ld -m elf_x86_64 -m elf_x86_64) supports shared libraries
configure:14911: result: yes
configure:15150: checking dynamic linker characteristics
configure:15583: /usr/bin/gcc -o conftest   -DPARSEC_VERSION=3.0-beta-20150206  -L/export/scratch/users/anton386/remove_me2/parsec-benchmark/pkgs/libs/glib/inst/amd64-linux.gcc/lib -L/export/scratch/users/anton386/remove_me2/parsec-benchmark/pkgs/libs/zlib/inst/amd64-linux.gcc/lib  -Wl,-rpath -Wl,/foo conftest.c  -lstdc++ >&5
configure:15583: $? = 0
configure:15815: result: GNU/Linux ld.so
configure:15917: checking how to hardcode library paths into programs
configure:15942: result: immediate
configure:16466: checking whether stripping libraries is possible
configure:16471: result: yes
configure:16506: checking if libtool supports shared libraries
configure:16508: result: yes
configure:16511: checking whether to build shared libraries
configure:16532: result: no
configure:16535: checking whether to build static libraries
configure:16539: result: yes
configure:16690: checking for ld used by /usr/bin/g++
configure:16758: result: /usr/bin/ld -m elf_x86_64 -m elf_x86_64
configure:16765: checking if the linker (/usr/bin/ld -m elf_x86_64 -m elf_x86_64) is GNU ld
configure:16781: result: yes
configure:16836: checking whether the /usr/bin/g++ linker (/usr/bin/ld -m elf_x86_64 -m elf_x86_64) supports shared libraries
configure:17751: result: yes
configure:17779: /usr/bin/g++ -c -I/export/scratch/users/anton386/remove_me2/parsec-benchmark/pkgs/libs/glib/inst/amd64-linux.gcc/include -I/export/scratch/users/anton386/remove_me2/parsec-benchmark/pkgs/libs/zlib/inst/amd64-linux.gcc/include -fpermissive -fno-exceptions -std=c++17 -DPARSEC_VERSION=3.0-beta-20150206 -fexceptions  conftest.cpp >&5
configure:17782: $? = 0
configure:17964: checking for /usr/bin/g++ option to produce PIC
configure:18281: result: -fPIC -DPIC
configure:18290: checking if /usr/bin/g++ PIC flag -fPIC -DPIC works
configure:18309: /usr/bin/g++ -c -I/export/scratch/users/anton386/remove_me2/parsec-benchmark/pkgs/libs/glib/inst/amd64-linux.gcc/include -I/export/scratch/users/anton386/remove_me2/parsec-benchmark/pkgs/libs/zlib/inst/amd64-linux.gcc/include -fpermissive -fno-exceptions -std=c++17 -DPARSEC_VERSION=3.0-beta-20150206 -fexceptions  -fPIC -DPIC -DPIC conftest.cpp >&5
configure:18313: $? = 0
configure:18326: result: yes
configure:18347: checking if /usr/bin/g++ static flag -static works
configure:18376: result: yes
configure:18388: checking if /usr/bin/g++ supports -c -o file.o
configure:18410: /usr/bin/g++ -c -I/export/scratch/users/anton386/remove_me2/parsec-benchmark/pkgs/libs/glib/inst/amd64-linux.gcc/include -I/export/scratch/users/anton386/remove_me2/parsec-benchmark/pkgs/libs/zlib/inst/amd64-linux.gcc/include -fpermissive -fno-exceptions -std=c++17 -DPARSEC_VERSION=3.0-beta-20150206 -fexceptions  -o out/conftest2.o conftest.cpp >&5
configure:18414: $? = 0
configure:18436: result: yes
configure:18441: checking if /usr/bin/g++ supports -c -o file.o
configure:18489: result: yes
configure:18519: checking whether the /usr/bin/g++ linker (/usr/bin/ld -m elf_x86_64 -m elf_x86_64) supports shared libraries
configure:18548: result: yes
configure:18685: checking dynamic linker characteristics
configure:19066: /usr/bin/g++ -o conftest -I/export/scratch/users/anton386/remove_me2/parsec-benchmark/pkgs/libs/glib/inst/amd64-linux.gcc/include -I/export/scratch/users/anton386/remove_me2/parsec-benchmark/pkgs/libs/zlib/inst/amd64-linux.gcc/include -fpermissive -fno-exceptions -std=c++17 -DPARSEC_VERSION=3.0-beta-20150206 -fexceptions  -L/export/scratch/users/anton386/remove_me2/parsec-benchmark/pkgs/libs/glib/inst/amd64-linux.gcc/lib -L/export/scratch/users/anton386/remove_me2/parsec-benchmark/pkgs/libs/zlib/inst/amd64-linux.gcc/lib  -Wl,-rpath -Wl,/foo conftest.cpp  -lstdc++ >&5
configure:19066: $? = 0
configure:19298: result: GNU/Linux ld.so
configure:19349: checking how to hardcode library paths into programs
configure:19374: result: immediate
configure:19434: checking for an ANSI C-conforming const
configure:19509: result: yes
configure:19517: checking for mode_t
configure:19517: /usr/bin/gcc -c   -DPARSEC_VERSION=3.0-beta-20150206  conftest.c >&5
configure:19517: $? = 0
configure:19517: /usr/bin/gcc -c   -DPARSEC_VERSION=3.0-beta-20150206  conftest.c >&5
conftest.c: In function 'main':
conftest.c:83:21: error: expected expression before ')' token
   83 | if (sizeof ((mode_t)))
      |                     ^
configure:19517: $? = 1
configure: failed program was:
| /* confdefs.h */
| #define PACKAGE_NAME ""
| #define PACKAGE_TARNAME ""
| #define PACKAGE_VERSION ""
| #define PACKAGE_STRING ""
| #define PACKAGE_BUGREPORT ""
| #define PACKAGE_URL ""
| #define PACKAGE "vips"
| #define VERSION "7.22.1"
| #define G_LOG_DOMAIN "VIPS"
| #define VIPS_ICC_DIR "/usr/share/color/icc"
| #define restrict __restrict__
| #define IM_EXEEXT ""
| #define IM_PREFIX "/export/scratch/users/anton386/remove_me2/parsec-benchmark/pkgs/apps/vips/inst/amd64-linux.gcc"
| #define IM_LIBDIR "/export/scratch/users/anton386/remove_me2/parsec-benchmark/pkgs/apps/vips/inst/amd64-linux.gcc/lib"
| #define GETTEXT_PACKAGE "vips7"
| #define HAVE_STDIO_H 1
| #define HAVE_STDLIB_H 1
| #define HAVE_STRING_H 1
| #define HAVE_INTTYPES_H 1
| #define HAVE_STDINT_H 1
| #define HAVE_STRINGS_H 1
| #define HAVE_SYS_STAT_H 1
| #define HAVE_SYS_TYPES_H 1
| #define HAVE_UNISTD_H 1
| #define HAVE_SYS_PARAM_H 1
| #define STDC_HEADERS 1
| #define HAVE_LOCALE_H 1
| #define HAVE_LC_MESSAGES 1
| #define HAVE_BIND_TEXTDOMAIN_CODESET 1
| #define HAVE_GETTEXT 1
| #define HAVE_DCGETTEXT 1
| #define ENABLE_NLS 1
| #define HAVE_DIRENT_H 1
| #define HAVE_ERRNO_H 1
| #define HAVE_MATH_H 1
| #define HAVE_FCNTL_H 1
| #define HAVE_LIMITS_H 1
| #define HAVE_STDLIB_H 1
| #define HAVE_STRING_H 1
| #define HAVE_SYS_FILE_H 1
| #define HAVE_SYS_IOCTL_H 1
| #define HAVE_SYS_PARAM_H 1
| #define HAVE_SYS_TIME_H 1
| #define HAVE_SYS_MMAN_H 1
| #define HAVE_SYS_TYPES_H 1
| #define HAVE_SYS_STAT_H 1
| #define HAVE_UNISTD_H 1
| #define HAVE_DLFCN_H 1
| #define LT_OBJDIR ".libs/"
| /* end confdefs.h.  */
| #include <stddef.h>
| #ifdef HAVE_STDIO_H
| # include <stdio.h>
| #endif
| #ifdef HAVE_STDLIB_H
| # include <stdlib.h>
| #endif
| #ifdef HAVE_STRING_H
| # include <string.h>
| #endif
| #ifdef HAVE_INTTYPES_H
| # include <inttypes.h>
| #endif
| #ifdef HAVE_STDINT_H
| # include <stdint.h>
| #endif
| #ifdef HAVE_STRINGS_H
| # include <strings.h>
| #endif
| #ifdef HAVE_SYS_TYPES_H
| # include <sys/types.h>
| #endif
| #ifdef HAVE_SYS_STAT_H
| # include <sys/stat.h>
| #endif
| #ifdef HAVE_UNISTD_H
| # include <unistd.h>
| #endif
| int
| main (void)
| {
| if (sizeof ((mode_t)))
| 	    return 0;
|   ;
|   return 0;
| }
configure:19517: result: yes
configure:19527: checking for off_t
configure:19527: /usr/bin/gcc -c   -DPARSEC_VERSION=3.0-beta-20150206  conftest.c >&5
configure:19527: $? = 0
configure:19527: /usr/bin/gcc -c   -DPARSEC_VERSION=3.0-beta-20150206  conftest.c >&5
conftest.c: In function 'main':
conftest.c:83:20: error: expected expression before ')' token
   83 | if (sizeof ((off_t)))
      |                    ^
configure:19527: $? = 1
configure: failed program was:
| /* confdefs.h */
| #define PACKAGE_NAME ""
| #define PACKAGE_TARNAME ""
| #define PACKAGE_VERSION ""
| #define PACKAGE_STRING ""
| #define PACKAGE_BUGREPORT ""
| #define PACKAGE_URL ""
| #define PACKAGE "vips"
| #define VERSION "7.22.1"
| #define G_LOG_DOMAIN "VIPS"
| #define VIPS_ICC_DIR "/usr/share/color/icc"
| #define restrict __restrict__
| #define IM_EXEEXT ""
| #define IM_PREFIX "/export/scratch/users/anton386/remove_me2/parsec-benchmark/pkgs/apps/vips/inst/amd64-linux.gcc"
| #define IM_LIBDIR "/export/scratch/users/anton386/remove_me2/parsec-benchmark/pkgs/apps/vips/inst/amd64-linux.gcc/lib"
| #define GETTEXT_PACKAGE "vips7"
| #define HAVE_STDIO_H 1
| #define HAVE_STDLIB_H 1
| #define HAVE_STRING_H 1
| #define HAVE_INTTYPES_H 1
| #define HAVE_STDINT_H 1
| #define HAVE_STRINGS_H 1
| #define HAVE_SYS_STAT_H 1
| #define HAVE_SYS_TYPES_H 1
| #define HAVE_UNISTD_H 1
| #define HAVE_SYS_PARAM_H 1
| #define STDC_HEADERS 1
| #define HAVE_LOCALE_H 1
| #define HAVE_LC_MESSAGES 1
| #define HAVE_BIND_TEXTDOMAIN_CODESET 1
| #define HAVE_GETTEXT 1
| #define HAVE_DCGETTEXT 1
| #define ENABLE_NLS 1
| #define HAVE_DIRENT_H 1
| #define HAVE_ERRNO_H 1
| #define HAVE_MATH_H 1
| #define HAVE_FCNTL_H 1
| #define HAVE_LIMITS_H 1
| #define HAVE_STDLIB_H 1
| #define HAVE_STRING_H 1
| #define HAVE_SYS_FILE_H 1
| #define HAVE_SYS_IOCTL_H 1
| #define HAVE_SYS_PARAM_H 1
| #define HAVE_SYS_TIME_H 1
| #define HAVE_SYS_MMAN_H 1
| #define HAVE_SYS_TYPES_H 1
| #define HAVE_SYS_STAT_H 1
| #define HAVE_UNISTD_H 1
| #define HAVE_DLFCN_H 1
| #define LT_OBJDIR ".libs/"
| /* end confdefs.h.  */
| #include <stddef.h>
| #ifdef HAVE_STDIO_H
| # include <stdio.h>
| #endif
| #ifdef HAVE_STDLIB_H
| # include <stdlib.h>
| #endif
| #ifdef HAVE_STRING_H
| # include <string.h>
| #endif
| #ifdef HAVE_INTTYPES_H
| # include <inttypes.h>
| #endif
| #ifdef HAVE_STDINT_H
| # include <stdint.h>
| #endif
| #ifdef HAVE_STRINGS_H
| # include <strings.h>
| #endif
| #ifdef HAVE_SYS_TYPES_H
| # include <sys/types.h>
| #endif
| #ifdef HAVE_SYS_STAT_H
| # include <sys/stat.h>
| #endif
| #ifdef HAVE_UNISTD_H
| # include <unistd.h>
| #endif
| int
| main (void)
| {
| if (sizeof ((off_t)))
| 	    return 0;
|   ;
|   return 0;
| }
configure:19527: result: yes
configure:19537: checking for size_t
configure:19537: /usr/bin/gcc -c   -DPARSEC_VERSION=3.0-beta-20150206  conftest.c >&5
configure:19537: $? = 0
configure:19537: /usr/bin/gcc -c   -DPARSEC_VERSION=3.0-beta-20150206  conftest.c >&5
conftest.c: In function 'main':
conftest.c:83:21: error: expected expression before ')' token
   83 | if (sizeof ((size_t)))
      |                     ^
configure:19537: $? = 1
configure: failed program was:
| /* confdefs.h */
| #define PACKAGE_NAME ""
| #define PACKAGE_TARNAME ""
| #define PACKAGE_VERSION ""
| #define PACKAGE_STRING ""
| #define PACKAGE_BUGREPORT ""
| #define PACKAGE_URL ""
| #define PACKAGE "vips"
| #define VERSION "7.22.1"
| #define G_LOG_DOMAIN "VIPS"
| #define VIPS_ICC_DIR "/usr/share/color/icc"
| #define restrict __restrict__
| #define IM_EXEEXT ""
| #define IM_PREFIX "/export/scratch/users/anton386/remove_me2/parsec-benchmark/pkgs/apps/vips/inst/amd64-linux.gcc"
| #define IM_LIBDIR "/export/scratch/users/anton386/remove_me2/parsec-benchmark/pkgs/apps/vips/inst/amd64-linux.gcc/lib"
| #define GETTEXT_PACKAGE "vips7"
| #define HAVE_STDIO_H 1
| #define HAVE_STDLIB_H 1
| #define HAVE_STRING_H 1
| #define HAVE_INTTYPES_H 1
| #define HAVE_STDINT_H 1
| #define HAVE_STRINGS_H 1
| #define HAVE_SYS_STAT_H 1
| #define HAVE_SYS_TYPES_H 1
| #define HAVE_UNISTD_H 1
| #define HAVE_SYS_PARAM_H 1
| #define STDC_HEADERS 1
| #define HAVE_LOCALE_H 1
| #define HAVE_LC_MESSAGES 1
| #define HAVE_BIND_TEXTDOMAIN_CODESET 1
| #define HAVE_GETTEXT 1
| #define HAVE_DCGETTEXT 1
| #define ENABLE_NLS 1
| #define HAVE_DIRENT_H 1
| #define HAVE_ERRNO_H 1
| #define HAVE_MATH_H 1
| #define HAVE_FCNTL_H 1
| #define HAVE_LIMITS_H 1
| #define HAVE_STDLIB_H 1
| #define HAVE_STRING_H 1
| #define HAVE_SYS_FILE_H 1
| #define HAVE_SYS_IOCTL_H 1
| #define HAVE_SYS_PARAM_H 1
| #define HAVE_SYS_TIME_H 1
| #define HAVE_SYS_MMAN_H 1
| #define HAVE_SYS_TYPES_H 1
| #define HAVE_SYS_STAT_H 1
| #define HAVE_UNISTD_H 1
| #define HAVE_DLFCN_H 1
| #define LT_OBJDIR ".libs/"
| /* end confdefs.h.  */
| #include <stddef.h>
| #ifdef HAVE_STDIO_H
| # include <stdio.h>
| #endif
| #ifdef HAVE_STDLIB_H
| # include <stdlib.h>
| #endif
| #ifdef HAVE_STRING_H
| # include <string.h>
| #endif
| #ifdef HAVE_INTTYPES_H
| # include <inttypes.h>
| #endif
| #ifdef HAVE_STDINT_H
| # include <stdint.h>
| #endif
| #ifdef HAVE_STRINGS_H
| # include <strings.h>
| #endif
| #ifdef HAVE_SYS_TYPES_H
| # include <sys/types.h>
| #endif
| #ifdef HAVE_SYS_STAT_H
| # include <sys/stat.h>
| #endif
| #ifdef HAVE_UNISTD_H
| # include <unistd.h>
| #endif
| int
| main (void)
| {
| if (sizeof ((size_t)))
| 	    return 0;
|   ;
|   return 0;
| }
configure:19537: result: yes
configure:19549: checking for working memcmp
configure:19594: /usr/bin/gcc -o conftest   -DPARSEC_VERSION=3.0-beta-20150206  -L/export/scratch/users/anton386/remove_me2/parsec-benchmark/pkgs/libs/glib/inst/amd64-linux.gcc/lib -L/export/scratch/users/anton386/remove_me2/parsec-benchmark/pkgs/libs/zlib/inst/amd64-linux.gcc/lib  conftest.c  -lstdc++ >&5
configure:19594: $? = 0
configure:19594: ./conftest
configure:19594: $? = 0
configure:19605: result: yes
configure:19619: checking for getpagesize
configure:19619: /usr/bin/gcc -o conftest   -DPARSEC_VERSION=3.0-beta-20150206  -L/export/scratch/users/anton386/remove_me2/parsec-benchmark/pkgs/libs/glib/inst/amd64-linux.gcc/lib -L/export/scratch/users/anton386/remove_me2/parsec-benchmark/pkgs/libs/zlib/inst/amd64-linux.gcc/lib  conftest.c  -lstdc++ >&5
configure:19619: $? = 0
configure:19619: result: yes
configure:19619: checking for vprintf
configure:19619: /usr/bin/gcc -o conftest   -DPARSEC_VERSION=3.0-beta-20150206  -L/export/scratch/users/anton386/remove_me2/parsec-benchmark/pkgs/libs/glib/inst/amd64-linux.gcc/lib -L/export/scratch/users/anton386/remove_me2/parsec-benchmark/pkgs/libs/zlib/inst/amd64-linux.gcc/lib  conftest.c  -lstdc++ >&5
conftest.c:69:6: warning: conflicting types for built-in function 'vprintf'; expected 'int(const char *, __va_list_tag *)' [-Wbuiltin-declaration-mismatch]
   69 | char vprintf ();
      |      ^~~~~~~
conftest.c:61:1: note: 'vprintf' is declared in header '<stdio.h>'
   60 | #include <limits.h>
   61 | #undef vprintf
configure:19619: $? = 0
configure:19619: result: yes
configure:19630: checking for working mmap
configure:19782: /usr/bin/gcc -o conftest   -DPARSEC_VERSION=3.0-beta-20150206  -L/export/scratch/users/anton386/remove_me2/parsec-benchmark/pkgs/libs/glib/inst/amd64-linux.gcc/lib -L/export/scratch/users/anton386/remove_me2/parsec-benchmark/pkgs/libs/zlib/inst/amd64-linux.gcc/lib  conftest.c  -lstdc++ >&5
configure:19782: $? = 0
configure:19782: ./conftest
configure:19782: $? = 0
configure:19793: result: yes
configure:19815: checking for getcwd
configure:19815: /usr/bin/gcc -o conftest   -DPARSEC_VERSION=3.0-beta-20150206  -L/export/scratch/users/anton386/remove_me2/parsec-benchmark/pkgs/libs/glib/inst/amd64-linux.gcc/lib -L/export/scratch/users/anton386/remove_me2/parsec-benchmark/pkgs/libs/zlib/inst/amd64-linux.gcc/lib  conftest.c  -lstdc++ >&5
configure:19815: $? = 0
configure:19815: result: yes
configure:19821: checking for gettimeofday
configure:19821: /usr/bin/gcc -o conftest   -DPARSEC_VERSION=3.0-beta-20150206  -L/export/scratch/users/anton386/remove_me2/parsec-benchmark/pkgs/libs/glib/inst/amd64-linux.gcc/lib -L/export/scratch/users/anton386/remove_me2/parsec-benchmark/pkgs/libs/zlib/inst/amd64-linux.gcc/lib  conftest.c  -lstdc++ >&5
configure:19821: $? = 0
configure:19821: result: yes
configure:19827: checking for getwd
configure:19827: /usr/bin/gcc -o conftest   -DPARSEC_VERSION=3.0-beta-20150206  -L/export/scratch/users/anton386/remove_me2/parsec-benchmark/pkgs/libs/glib/inst/amd64-linux.gcc/lib -L/export/scratch/users/anton386/remove_me2/parsec-benchmark/pkgs/libs/zlib/inst/amd64-linux.gcc/lib  conftest.c  -lstdc++ >&5
/usr/bin/ld: /tmp/ccOnEYO9.o: in function `main':
conftest.c:(.text+0xe): warning: the `getwd' function is dangerous and should not be used.
configure:19827: $? = 0
configure:19827: result: yes
configure:19833: checking for memset
configure:19833: /usr/bin/gcc -o conftest   -DPARSEC_VERSION=3.0-beta-20150206  -L/export/scratch/users/anton386/remove_me2/parsec-benchmark/pkgs/libs/glib/inst/amd64-linux.gcc/lib -L/export/scratch/users/anton386/remove_me2/parsec-benchmark/pkgs/libs/zlib/inst/amd64-linux.gcc/lib  conftest.c  -lstdc++ >&5
conftest.c:74:6: warning: conflicting types for built-in function 'memset'; expected 'void *(void *, int,  long unsigned int)' [-Wbuiltin-declaration-mismatch]
   74 | char memset ();
      |      ^~~~~~
conftest.c:66:1: note: 'memset' is declared in header '<string.h>'
   65 | #include <limits.h>
   66 | #undef memset
configure:19833: $? = 0
configure:19833: result: yes
configure:19839: checking for munmap
configure:19839: /usr/bin/gcc -o conftest   -DPARSEC_VERSION=3.0-beta-20150206  -L/export/scratch/users/anton386/remove_me2/parsec-benchmark/pkgs/libs/glib/inst/amd64-linux.gcc/lib -L/export/scratch/users/anton386/remove_me2/parsec-benchmark/pkgs/libs/zlib/inst/amd64-linux.gcc/lib  conftest.c  -lstdc++ >&5
configure:19839: $? = 0
configure:19839: result: yes
configure:19845: checking for putenv
configure:19845: /usr/bin/gcc -o conftest   -DPARSEC_VERSION=3.0-beta-20150206  -L/export/scratch/users/anton386/remove_me2/parsec-benchmark/pkgs/libs/glib/inst/amd64-linux.gcc/lib -L/export/scratch/users/anton386/remove_me2/parsec-benchmark/pkgs/libs/zlib/inst/amd64-linux.gcc/lib  conftest.c  -lstdc++ >&5
configure:19845: $? = 0
configure:19845: result: yes
configure:19851: checking for realpath
configure:19851: /usr/bin/gcc -o conftest   -DPARSEC_VERSION=3.0-beta-20150206  -L/export/scratch/users/anton386/remove_me2/parsec-benchmark/pkgs/libs/glib/inst/amd64-linux.gcc/lib -L/export/scratch/users/anton386/remove_me2/parsec-benchmark/pkgs/libs/zlib/inst/amd64-linux.gcc/lib  conftest.c  -lstdc++ >&5
configure:19851: $? = 0
configure:19851: result: yes
configure:19857: checking for strcasecmp
configure:19857: /usr/bin/gcc -o conftest   -DPARSEC_VERSION=3.0-beta-20150206  -L/export/scratch/users/anton386/remove_me2/parsec-benchmark/pkgs/libs/glib/inst/amd64-linux.gcc/lib -L/export/scratch/users/anton386/remove_me2/parsec-benchmark/pkgs/libs/zlib/inst/amd64-linux.gcc/lib  conftest.c  -lstdc++ >&5
conftest.c:78:6: warning: conflicting types for built-in function 'strcasecmp'; expected 'int(const char *, const char *)' [-Wbuiltin-declaration-mismatch]
   78 | char strcasecmp ();
      |      ^~~~~~~~~~
configure:19857: $? = 0
configure:19857: result: yes
configure:19863: checking for strchr
configure:19863: /usr/bin/gcc -o conftest   -DPARSEC_VERSION=3.0-beta-20150206  -L/export/scratch/users/anton386/remove_me2/parsec-benchmark/pkgs/libs/glib/inst/amd64-linux.gcc/lib -L/export/scratch/users/anton386/remove_me2/parsec-benchmark/pkgs/libs/zlib/inst/amd64-linux.gcc/lib  conftest.c  -lstdc++ >&5
conftest.c:79:6: warning: conflicting types for built-in function 'strchr'; expected 'char *(const char *, int)' [-Wbuiltin-declaration-mismatch]
   79 | char strchr ();
      |      ^~~~~~
conftest.c:71:1: note: 'strchr' is declared in header '<string.h>'
   70 | #include <limits.h>
   71 | #undef strchr
configure:19863: $? = 0
configure:19863: result: yes
configure:19869: checking for strcspn
configure:19869: /usr/bin/gcc -o conftest   -DPARSEC_VERSION=3.0-beta-20150206  -L/export/scratch/users/anton386/remove_me2/parsec-benchmark/pkgs/libs/glib/inst/amd64-linux.gcc/lib -L/export/scratch/users/anton386/remove_me2/parsec-benchmark/pkgs/libs/zlib/inst/amd64-linux.gcc/lib  conftest.c  -lstdc++ >&5
conftest.c:80:6: warning: conflicting types for built-in function 'strcspn'; expected 'long unsigned int(const char *, const char *)' [-Wbuiltin-declaration-mismatch]
   80 | char strcspn ();
      |      ^~~~~~~
conftest.c:72:1: note: 'strcspn' is declared in header '<string.h>'
   71 | #include <limits.h>
   72 | #undef strcspn
configure:19869: $? = 0
configure:19869: result: yes
configure:19875: checking for strdup
configure:19875: /usr/bin/gcc -o conftest   -DPARSEC_VERSION=3.0-beta-20150206  -L/export/scratch/users/anton386/remove_me2/parsec-benchmark/pkgs/libs/glib/inst/amd64-linux.gcc/lib -L/export/scratch/users/anton386/remove_me2/parsec-benchmark/pkgs/libs/zlib/inst/amd64-linux.gcc/lib  conftest.c  -lstdc++ >&5
conftest.c:81:6: warning: conflicting types for built-in function 'strdup'; expected 'char *(const char *)' [-Wbuiltin-declaration-mismatch]
   81 | char strdup ();
      |      ^~~~~~
configure:19875: $? = 0
configure:19875: result: yes
configure:19881: checking for strerror
configure:19881: /usr/bin/gcc -o conftest   -DPARSEC_VERSION=3.0-beta-20150206  -L/export/scratch/users/anton386/remove_me2/parsec-benchmark/pkgs/libs/glib/inst/amd64-linux.gcc/lib -L/export/scratch/users/anton386/remove_me2/parsec-benchmark/pkgs/libs/zlib/inst/amd64-linux.gcc/lib  conftest.c  -lstdc++ >&5
configure:19881: $? = 0
configure:19881: result: yes
configure:19887: checking for strrchr
configure:19887: /usr/bin/gcc -o conftest   -DPARSEC_VERSION=3.0-beta-20150206  -L/export/scratch/users/anton386/remove_me2/parsec-benchmark/pkgs/libs/glib/inst/amd64-linux.gcc/lib -L/export/scratch/users/anton386/remove_me2/parsec-benchmark/pkgs/libs/zlib/inst/amd64-linux.gcc/lib  conftest.c  -lstdc++ >&5
conftest.c:83:6: warning: conflicting types for built-in function 'strrchr'; expected 'char *(const char *, int)' [-Wbuiltin-declaration-mismatch]
   83 | char strrchr ();
      |      ^~~~~~~
conftest.c:75:1: note: 'strrchr' is declared in header '<string.h>'
   74 | #include <limits.h>
   75 | #undef strrchr
configure:19887: $? = 0
configure:19887: result: yes
configure:19893: checking for strspn
configure:19893: /usr/bin/gcc -o conftest   -DPARSEC_VERSION=3.0-beta-20150206  -L/export/scratch/users/anton386/remove_me2/parsec-benchmark/pkgs/libs/glib/inst/amd64-linux.gcc/lib -L/export/scratch/users/anton386/remove_me2/parsec-benchmark/pkgs/libs/zlib/inst/amd64-linux.gcc/lib  conftest.c  -lstdc++ >&5
conftest.c:84:6: warning: conflicting types for built-in function 'strspn'; expected 'long unsigned int(const char *, const char *)' [-Wbuiltin-declaration-mismatch]
   84 | char strspn ();
      |      ^~~~~~
conftest.c:76:1: note: 'strspn' is declared in header '<string.h>'
   75 | #include <limits.h>
   76 | #undef strspn
configure:19893: $? = 0
configure:19893: result: yes
configure:19899: checking for vsnprintf
configure:19899: /usr/bin/gcc -o conftest   -DPARSEC_VERSION=3.0-beta-20150206  -L/export/scratch/users/anton386/remove_me2/parsec-benchmark/pkgs/libs/glib/inst/amd64-linux.gcc/lib -L/export/scratch/users/anton386/remove_me2/parsec-benchmark/pkgs/libs/zlib/inst/amd64-linux.gcc/lib  conftest.c  -lstdc++ >&5
conftest.c:85:6: warning: conflicting types for built-in function 'vsnprintf'; expected 'int(char *, long unsigned int,  const char *, __va_list_tag *)' [-Wbuiltin-declaration-mismatch]
   85 | char vsnprintf ();
      |      ^~~~~~~~~
conftest.c:77:1: note: 'vsnprintf' is declared in header '<stdio.h>'
   76 | #include <limits.h>
   77 | #undef vsnprintf
configure:19899: $? = 0
configure:19899: result: yes
configure:19905: checking for realpath
configure:19905: result: yes
configure:19911: checking for mkstemp
configure:19911: /usr/bin/gcc -o conftest   -DPARSEC_VERSION=3.0-beta-20150206  -L/export/scratch/users/anton386/remove_me2/parsec-benchmark/pkgs/libs/glib/inst/amd64-linux.gcc/lib -L/export/scratch/users/anton386/remove_me2/parsec-benchmark/pkgs/libs/zlib/inst/amd64-linux.gcc/lib  conftest.c  -lstdc++ >&5
configure:19911: $? = 0
configure:19911: result: yes
configure:19917: checking for mktemp
configure:19917: /usr/bin/gcc -o conftest   -DPARSEC_VERSION=3.0-beta-20150206  -L/export/scratch/users/anton386/remove_me2/parsec-benchmark/pkgs/libs/glib/inst/amd64-linux.gcc/lib -L/export/scratch/users/anton386/remove_me2/parsec-benchmark/pkgs/libs/zlib/inst/amd64-linux.gcc/lib  conftest.c  -lstdc++ >&5
/usr/bin/ld: /tmp/ccIuYUp3.o: in function `main':
conftest.c:(.text+0xe): warning: the use of `mktemp' is dangerous, better use `mkstemp' or `mkdtemp'
configure:19917: $? = 0
configure:19917: result: yes
configure:19923: checking for random
configure:19923: /usr/bin/gcc -o conftest   -DPARSEC_VERSION=3.0-beta-20150206  -L/export/scratch/users/anton386/remove_me2/parsec-benchmark/pkgs/libs/glib/inst/amd64-linux.gcc/lib -L/export/scratch/users/anton386/remove_me2/parsec-benchmark/pkgs/libs/zlib/inst/amd64-linux.gcc/lib  conftest.c  -lstdc++ >&5
configure:19923: $? = 0
configure:19923: result: yes
configure:19929: checking for rand
configure:19929: /usr/bin/gcc -o conftest   -DPARSEC_VERSION=3.0-beta-20150206  -L/export/scratch/users/anton386/remove_me2/parsec-benchmark/pkgs/libs/glib/inst/amd64-linux.gcc/lib -L/export/scratch/users/anton386/remove_me2/parsec-benchmark/pkgs/libs/zlib/inst/amd64-linux.gcc/lib  conftest.c  -lstdc++ >&5
configure:19929: $? = 0
configure:19929: result: yes
configure:19935: checking for sysconf
configure:19935: /usr/bin/gcc -o conftest   -DPARSEC_VERSION=3.0-beta-20150206  -L/export/scratch/users/anton386/remove_me2/parsec-benchmark/pkgs/libs/glib/inst/amd64-linux.gcc/lib -L/export/scratch/users/anton386/remove_me2/parsec-benchmark/pkgs/libs/zlib/inst/amd64-linux.gcc/lib  conftest.c  -lstdc++ >&5
configure:19935: $? = 0
configure:19935: result: yes
configure:19942: checking for cbrt in -lm
configure:19965: /usr/bin/gcc -o conftest   -DPARSEC_VERSION=3.0-beta-20150206  -L/export/scratch/users/anton386/remove_me2/parsec-benchmark/pkgs/libs/glib/inst/amd64-linux.gcc/lib -L/export/scratch/users/anton386/remove_me2/parsec-benchmark/pkgs/libs/zlib/inst/amd64-linux.gcc/lib  conftest.c -lm   -lstdc++ >&5
conftest.c:80:6: warning: conflicting types for built-in function 'cbrt'; expected 'double(double)' [-Wbuiltin-declaration-mismatch]
   80 | char cbrt ();
      |      ^~~~
conftest.c:1:1: note: 'cbrt' is declared in header '<math.h>'
    1 | /* confdefs.h */
configure:19965: $? = 0
configure:19975: result: yes
configure:19984: checking for hypot in -lm
configure:20007: /usr/bin/gcc -o conftest   -DPARSEC_VERSION=3.0-beta-20150206  -L/export/scratch/users/anton386/remove_me2/parsec-benchmark/pkgs/libs/glib/inst/amd64-linux.gcc/lib -L/export/scratch/users/anton386/remove_me2/parsec-benchmark/pkgs/libs/zlib/inst/amd64-linux.gcc/lib  conftest.c -lm   -lstdc++ >&5
conftest.c:81:6: warning: conflicting types for built-in function 'hypot'; expected 'double(double,  double)' [-Wbuiltin-declaration-mismatch]
   81 | char hypot ();
      |      ^~~~~
conftest.c:1:1: note: 'hypot' is declared in header '<math.h>'
    1 | /* confdefs.h */
configure:20007: $? = 0
configure:20017: result: yes
configure:20083: checking for pkg-config
configure:20106: found /usr/bin/pkg-config
configure:20118: result: /usr/bin/pkg-config
configure:20143: checking pkg-config is at least version 0.9.0
configure:20146: result: yes
configure:20157: checking for REQUIRED
configure:20165: $PKG_CONFIG --exists --print-errors "glib-2.0 >= 2.6 gmodule-2.0 >= 2.4 libxml-2.0 gobject-2.0"
configure:20168: $? = 0
configure:20183: $PKG_CONFIG --exists --print-errors "glib-2.0 >= 2.6 gmodule-2.0 >= 2.4 libxml-2.0 gobject-2.0"
configure:20186: $? = 0
configure:20241: result: yes
configure:20292: checking for GTHREAD
configure:20300: $PKG_CONFIG --exists --print-errors "gthread-2.0"
configure:20303: $? = 0
configure:20318: $PKG_CONFIG --exists --print-errors "gthread-2.0"
configure:20321: $? = 0
configure:20376: result: yes
configure:20389: checking for gtkdoc-check
configure:20427: result: no
configure:20436: checking for gtkdoc-rebase
configure:20474: result: no
configure:20485: checking for gtkdoc-mkpdf
configure:20523: result: no
configure:20563: checking whether to build gtk-doc documentation
configure:20565: result: no
configure:20749: checking for MAGICK_WAND
configure:20757: $PKG_CONFIG --exists --print-errors "MagickWand"
configure:20760: $? = 0
configure:20775: $PKG_CONFIG --exists --print-errors "MagickWand"
configure:20778: $? = 0
configure:20966: result: yes
configure:21630: checking how to run the C preprocessor
configure:21698: result: /usr/bin/cpp
configure:21712: /usr/bin/cpp  conftest.c
configure:21712: $? = 0
configure:21727: /usr/bin/cpp  conftest.c
conftest.c:79:10: fatal error: ac_nonexistent.h: No such file or directory
   79 | #include <ac_nonexistent.h>
      |          ^~~~~~~~~~~~~~~~~~
compilation terminated.
configure:21727: $? = 1
configure: failed program was:
| /* confdefs.h */
| #define PACKAGE_NAME ""
| #define PACKAGE_TARNAME ""
| #define PACKAGE_VERSION ""
| #define PACKAGE_STRING ""
| #define PACKAGE_BUGREPORT ""
| #define PACKAGE_URL ""
| #define PACKAGE "vips"
| #define VERSION "7.22.1"
| #define G_LOG_DOMAIN "VIPS"
| #define VIPS_ICC_DIR "/usr/share/color/icc"
| #define restrict __restrict__
| #define IM_EXEEXT ""
| #define IM_PREFIX "/export/scratch/users/anton386/remove_me2/parsec-benchmark/pkgs/apps/vips/inst/amd64-linux.gcc"
| #define IM_LIBDIR "/export/scratch/users/anton386/remove_me2/parsec-benchmark/pkgs/apps/vips/inst/amd64-linux.gcc/lib"
| #define GETTEXT_PACKAGE "vips7"
| #define HAVE_STDIO_H 1
| #define HAVE_STDLIB_H 1
| #define HAVE_STRING_H 1
| #define HAVE_INTTYPES_H 1
| #define HAVE_STDINT_H 1
| #define HAVE_STRINGS_H 1
| #define HAVE_SYS_STAT_H 1
| #define HAVE_SYS_TYPES_H 1
| #define HAVE_UNISTD_H 1
| #define HAVE_SYS_PARAM_H 1
| #define STDC_HEADERS 1
| #define HAVE_LOCALE_H 1
| #define HAVE_LC_MESSAGES 1
| #define HAVE_BIND_TEXTDOMAIN_CODESET 1
| #define HAVE_GETTEXT 1
| #define HAVE_DCGETTEXT 1
| #define ENABLE_NLS 1
| #define HAVE_DIRENT_H 1
| #define HAVE_ERRNO_H 1
| #define HAVE_MATH_H 1
| #define HAVE_FCNTL_H 1
| #define HAVE_LIMITS_H 1
| #define HAVE_STDLIB_H 1
| #define HAVE_STRING_H 1
| #define HAVE_SYS_FILE_H 1
| #define HAVE_SYS_IOCTL_H 1
| #define HAVE_SYS_PARAM_H 1
| #define HAVE_SYS_TIME_H 1
| #define HAVE_SYS_MMAN_H 1
| #define HAVE_SYS_TYPES_H 1
| #define HAVE_SYS_STAT_H 1
| #define HAVE_UNISTD_H 1
| #define HAVE_DLFCN_H 1
| #define LT_OBJDIR ".libs/"
| #define HAVE_GETPAGESIZE 1
| #define HAVE_VPRINTF 1
| #define HAVE_MMAP 1
| #define HAVE_GETCWD 1
| #define HAVE_GETTIMEOFDAY 1
| #define HAVE_GETWD 1
| #define HAVE_MEMSET 1
| #define HAVE_MUNMAP 1
| #define HAVE_PUTENV 1
| #define HAVE_REALPATH 1
| #define HAVE_STRCASECMP 1
| #define HAVE_STRCHR 1
| #define HAVE_STRCSPN 1
| #define HAVE_STRDUP 1
| #define HAVE_STRERROR 1
| #define HAVE_STRRCHR 1
| #define HAVE_STRSPN 1
| #define HAVE_VSNPRINTF 1
| #define HAVE_REALPATH 1
| #define HAVE_MKSTEMP 1
| #define HAVE_MKTEMP 1
| #define HAVE_RANDOM 1
| #define HAVE_RAND 1
| #define HAVE_SYSCONF 1
| #define HAVE_CBRT 1
| #define HAVE_HYPOT 1
| #define HAVE_THREADS 1
| /* end confdefs.h.  */
| #include <ac_nonexistent.h>
configure:21758: checking for X
configure:21972: result: disabled
configure:22515: checking for TIFF
configure:22658: result: libraries (none), headers (none)
configure:22670: WARNING: libtiff not found; disabling TIFF support
configure:22711: checking for ZIP
configure:22854: result: libraries (none), headers (none)
configure:22866: WARNING: libz not found; disabling ZIP support
configure:22907: checking for JPEG
configure:23056: result: libraries (none), headers (none)
configure:23068: WARNING: libjpeg not found; disabling JPEG support
configure:23708: WARNING: linux/videodev.h not functional; disabling Linux video support
configure:24245: creating ./config.status
configure:26768: WARNING: unrecognized options: --without-perl, --without-cimg
configure:26773: result:
* general build options
native win32:				no
native OS X:				no
open files in binary mode: 		no
enable debug:				minimum
build C++ components:			no
evaluate with threads: 			yes
make symlinks for commands in bin: 	no
build docs with gtkdoc 			no

* optional packages and modules
use fftw3 for FFT: 			no
Magick package: 			MagickWand
file import with libMagick: 		no
accelerate loops with liboil: 		no
ICC profile support with lcms: 		no
file import with OpenEXR: 		no
file import with matio: 		no
text rendering with pangoft2: 		no
file import/export with libpng: 	no
file import/export with libtiff:	no
file import/export with libjpeg:	no
use libexif to load/save JPEG metadata: no
video capture with v4l: 		no
build Python binding: 			no


## ---------------- ##
## Cache variables. ##
## ---------------- ##

ac_cv_build=x86_64-pc-linux-gnu
ac_cv_c_compiler_gnu=yes
ac_cv_c_const=yes
ac_cv_c_restrict=__restrict__
ac_cv_cxx_compiler_gnu=yes
ac_cv_env_CCC_set=
ac_cv_env_CCC_value=
ac_cv_env_CC_set=set
ac_cv_env_CC_value=/usr/bin/gcc
ac_cv_env_CFLAGS_set=set
ac_cv_env_CFLAGS_value='  -DPARSEC_VERSION=3.0-beta-20150206'
ac_cv_env_CPPFLAGS_set=set
ac_cv_env_CPPFLAGS_value=
ac_cv_env_CPP_set=set
ac_cv_env_CPP_value=/usr/bin/cpp
ac_cv_env_CXXCPP_set=set
ac_cv_env_CXXCPP_value=
ac_cv_env_CXXFLAGS_set=set
ac_cv_env_CXXFLAGS_value='-I/export/scratch/users/anton386/remove_me2/parsec-benchmark/pkgs/libs/glib/inst/amd64-linux.gcc/include -I/export/scratch/users/anton386/remove_me2/parsec-benchmark/pkgs/libs/zlib/inst/amd64-linux.gcc/include -fpermissive -fno-exceptions -std=c++17 -DPARSEC_VERSION=3.0-beta-20150206 -fexceptions'
ac_cv_env_CXX_set=set
ac_cv_env_CXX_value=/usr/bin/g++
ac_cv_env_EXIF_CFLAGS_set=
ac_cv_env_EXIF_CFLAGS_value=
ac_cv_env_EXIF_LIBS_set=
ac_cv_env_EXIF_LIBS_value=
ac_cv_env_FFTW3_CFLAGS_set=
ac_cv_env_FFTW3_CFLAGS_value=
ac_cv_env_FFTW3_LIBS_set=
ac_cv_env_FFTW3_LIBS_value=
ac_cv_env_GTHREAD_CFLAGS_set=
ac_cv_env_GTHREAD_CFLAGS_value=
ac_cv_env_GTHREAD_LIBS_set=
ac_cv_env_GTHREAD_LIBS_value=
ac_cv_env_IMAGE_MAGICK_CFLAGS_set=
ac_cv_env_IMAGE_MAGICK_CFLAGS_value=
ac_cv_env_IMAGE_MAGICK_LIBS_set=
ac_cv_env_IMAGE_MAGICK_LIBS_value=
ac_cv_env_LCMS_CFLAGS_set=
ac_cv_env_LCMS_CFLAGS_value=
ac_cv_env_LCMS_LIBS_set=
ac_cv_env_LCMS_LIBS_value=
ac_cv_env_LDFLAGS_set=set
ac_cv_env_LDFLAGS_value='-L/export/scratch/users/anton386/remove_me2/parsec-benchmark/pkgs/libs/glib/inst/amd64-linux.gcc/lib -L/export/scratch/users/anton386/remove_me2/parsec-benchmark/pkgs/libs/zlib/inst/amd64-linux.gcc/lib '
ac_cv_env_LIBOIL_CFLAGS_set=
ac_cv_env_LIBOIL_CFLAGS_value=
ac_cv_env_LIBOIL_LIBS_set=
ac_cv_env_LIBOIL_LIBS_value=
ac_cv_env_LIBS_set=set
ac_cv_env_LIBS_value=' -lstdc++'
ac_cv_env_MAGICK_CFLAGS_set=
ac_cv_env_MAGICK_CFLAGS_value=
ac_cv_env_MAGICK_LIBS_set=
ac_cv_env_MAGICK_LIBS_value=
ac_cv_env_MAGICK_WAND_CFLAGS_set=
ac_cv_env_MAGICK_WAND_CFLAGS_value=
ac_cv_env_MAGICK_WAND_LIBS_set=
ac_cv_env_MAGICK_WAND_LIBS_value=
ac_cv_env_MATIO_CFLAGS_set=
ac_cv_env_MATIO_CFLAGS_value=
ac_cv_env_MATIO_LIBS_set=
ac_cv_env_MATIO_LIBS_value=
ac_cv_env_OPENEXR_CFLAGS_set=
ac_cv_env_OPENEXR_CFLAGS_value=
ac_cv_env_OPENEXR_LIBS_set=
ac_cv_env_OPENEXR_LIBS_value=
ac_cv_env_PANGOFT2_CFLAGS_set=
ac_cv_env_PANGOFT2_CFLAGS_value=
ac_cv_env_PANGOFT2_LIBS_set=
ac_cv_env_PANGOFT2_LIBS_value=
ac_cv_env_PKG_CONFIG_set=
ac_cv_env_PKG_CONFIG_value=
ac_cv_env_PNG_CFLAGS_set=
ac_cv_env_PNG_CFLAGS_value=
ac_cv_env_PNG_LIBS_set=
ac_cv_env_PNG_LIBS_value=
ac_cv_env_REQUIRED_CFLAGS_set=
ac_cv_env_REQUIRED_CFLAGS_value=
ac_cv_env_REQUIRED_LIBS_set=
ac_cv_env_REQUIRED_LIBS_value=
ac_cv_env_XMKMF_set=
ac_cv_env_XMKMF_value=
ac_cv_env_build_alias_set=set
ac_cv_env_build_alias_value=
ac_cv_env_host_alias_set=set
ac_cv_env_host_alias_value=
ac_cv_env_target_alias_set=
ac_cv_env_target_alias_value=
ac_cv_func_bind_textdomain_codeset=yes
ac_cv_func_dcgettext=yes
ac_cv_func_getcwd=yes
ac_cv_func_getpagesize=yes
ac_cv_func_gettimeofday=yes
ac_cv_func_getwd=yes
ac_cv_func_memcmp_working=yes
ac_cv_func_memset=yes
ac_cv_func_mkstemp=yes
ac_cv_func_mktemp=yes
ac_cv_func_mmap_fixed_mapped=yes
ac_cv_func_munmap=yes
ac_cv_func_putenv=yes
ac_cv_func_rand=yes
ac_cv_func_random=yes
ac_cv_func_realpath=yes
ac_cv_func_strcasecmp=yes
ac_cv_func_strchr=yes
ac_cv_func_strcspn=yes
ac_cv_func_strdup=yes
ac_cv_func_strerror=yes
ac_cv_func_strrchr=yes
ac_cv_func_strspn=yes
ac_cv_func_sysconf=yes
ac_cv_func_vprintf=yes
ac_cv_func_vsnprintf=yes
ac_cv_header_direct_h=no
ac_cv_header_dirent_dirent_h=yes
ac_cv_header_dlfcn_h=yes
ac_cv_header_errno_h=yes
ac_cv_header_fcntl_h=yes
ac_cv_header_inttypes_h=yes
ac_cv_header_io_h=no
ac_cv_header_libintl_h=yes
ac_cv_header_limits_h=yes
ac_cv_header_locale_h=yes
ac_cv_header_math_h=yes
ac_cv_header_stdint_h=yes
ac_cv_header_stdio_h=yes
ac_cv_header_stdlib_h=yes
ac_cv_header_string_h=yes
ac_cv_header_strings_h=yes
ac_cv_header_sys_file_h=yes
ac_cv_header_sys_ioctl_h=yes
ac_cv_header_sys_mman_h=yes
ac_cv_header_sys_param_h=yes
ac_cv_header_sys_stat_h=yes
ac_cv_header_sys_time_h=yes
ac_cv_header_sys_types_h=yes
ac_cv_header_unistd_h=yes
ac_cv_header_windows_h=no
ac_cv_host=x86_64-pc-linux-gnu
ac_cv_lib_m_cbrt=yes
ac_cv_lib_m_hypot=yes
ac_cv_objext=o
ac_cv_path_EGREP='/usr/bin/grep -E'
ac_cv_path_FGREP='/usr/bin/grep -F'
ac_cv_path_GMSGFMT=/usr/bin/msgfmt
ac_cv_path_GREP=/usr/bin/grep
ac_cv_path_MSGFMT=/usr/bin/msgfmt
ac_cv_path_SED=/usr/bin/sed
ac_cv_path_XGETTEXT=/usr/bin/xgettext
ac_cv_path_ac_pt_PKG_CONFIG=/usr/bin/pkg-config
ac_cv_path_install='/export/scratch/users/anton386/remove_me2/parsec-benchmark/bin/install -c'
ac_cv_path_mkdir=/usr/bin/mkdir
ac_cv_prog_AWK=gawk
ac_cv_prog_CPP=/usr/bin/cpp
ac_cv_prog_CXXCPP='/usr/bin/g++ -E'
ac_cv_prog_ac_ct_AR=/usr/bin/ar
ac_cv_prog_ac_ct_AS=/usr/bin/as
ac_cv_prog_ac_ct_CC=/usr/bin/gcc
ac_cv_prog_ac_ct_DLLTOOL=dlltool
ac_cv_prog_ac_ct_LD='/usr/bin/ld -m elf_x86_64'
ac_cv_prog_ac_ct_OBJDUMP=objdump
ac_cv_prog_ac_ct_RANLIB=/usr/bin/ranlib
ac_cv_prog_ac_ct_STRIP=/usr/bin/strip
ac_cv_prog_cc_c11=
ac_cv_prog_cc_g=yes
ac_cv_prog_cc_stdc=
ac_cv_prog_cxx_cxx11=
ac_cv_prog_cxx_g=yes
ac_cv_prog_cxx_stdcxx=
ac_cv_prog_make_make_set=yes
ac_cv_search_opendir='none required'
ac_cv_sys_file_offset_bits=no
ac_cv_sys_largefile_CC=no
ac_cv_type_mode_t=yes
ac_cv_type_off_t=yes
ac_cv_type_size_t=yes
am_cv_CC_dependencies_compiler_type=gcc3
am_cv_CXX_dependencies_compiler_type=gcc3
am_cv_val_LC_MESSAGES=yes
gt_cv_func_dgettext_libc=yes
gt_cv_func_dgettext_libintl=no
gt_cv_func_ngettext_libc=yes
gt_cv_have_gettext=yes
lt_cv_deplibs_check_method=pass_all
lt_cv_file_magic_cmd='$MAGIC_CMD'
lt_cv_file_magic_test_file=
lt_cv_ld_reload_flag=-r
lt_cv_nm_interface='BSD nm'
lt_cv_objdir=.libs
lt_cv_path_LD='/usr/bin/ld -m elf_x86_64'
lt_cv_path_LDCXX='/usr/bin/ld -m elf_x86_64 -m elf_x86_64'
lt_cv_path_NM='/usr/bin/nm -B'
lt_cv_prog_compiler_c_o=yes
lt_cv_prog_compiler_c_o_CXX=yes
lt_cv_prog_compiler_pic_works=yes
lt_cv_prog_compiler_pic_works_CXX=yes
lt_cv_prog_compiler_rtti_exceptions=no
lt_cv_prog_compiler_static_works=yes
lt_cv_prog_compiler_static_works_CXX=yes
lt_cv_prog_gnu_ld=yes
lt_cv_prog_gnu_ldcxx=yes
lt_cv_sys_global_symbol_pipe='sed -n -e '\''s/^.*[	 ]\([ABCDGIRSTW][ABCDGIRSTW]*\)[	 ][	 ]*\([_A-Za-z][_A-Za-z0-9]*\)$/\1 \2 \2/p'\'''
lt_cv_sys_global_symbol_to_c_name_address='sed -n -e '\''s/^: \([^ ]*\) $/  {\"\1\", (void *) 0},/p'\'' -e '\''s/^[ABCDGIRSTW]* \([^ ]*\) \([^ ]*\)$/  {"\2", (void *) \&\2},/p'\'''
lt_cv_sys_global_symbol_to_c_name_address_lib_prefix='sed -n -e '\''s/^: \([^ ]*\) $/  {\"\1\", (void *) 0},/p'\'' -e '\''s/^[ABCDGIRSTW]* \([^ ]*\) \(lib[^ ]*\)$/  {"\2", (void *) \&\2},/p'\'' -e '\''s/^[ABCDGIRSTW]* \([^ ]*\) \([^ ]*\)$/  {"lib\2", (void *) \&\2},/p'\'''
lt_cv_sys_global_symbol_to_cdecl='sed -n -e '\''s/^T .* \(.*\)$/extern int \1();/p'\'' -e '\''s/^[ABCDGIRSTW]* .* \(.*\)$/extern char \1;/p'\'''
lt_cv_sys_max_cmd_len=1572864
pkg_cv_GTHREAD_CFLAGS='-pthread -I/export/scratch/users/anton386/remove_me2/parsec-benchmark/pkgs/libs/glib/inst/amd64-linux.gcc/include/glib-2.0 -I/export/scratch/users/anton386/remove_me2/parsec-benchmark/pkgs/libs/glib/inst/amd64-linux.gcc/lib/glib-2.0/include '
pkg_cv_GTHREAD_LIBS='-L/export/scratch/users/anton386/remove_me2/parsec-benchmark/pkgs/libs/glib/inst/amd64-linux.gcc/lib -lgthread-2.0 -pthread -lglib-2.0 '
pkg_cv_MAGICK_WAND_CFLAGS='-I/usr/include/x86_64-linux-gnu/ImageMagick-6 -I/usr/include/ImageMagick-6 -fopenmp -DMAGICKCORE_HDRI_ENABLE=0 -DMAGICKCORE_QUANTUM_DEPTH=16 '
pkg_cv_MAGICK_WAND_LIBS='-lMagickWand-6.Q16 -lMagickCore-6.Q16 '
pkg_cv_REQUIRED_CFLAGS='-I/export/scratch/users/anton386/remove_me2/parsec-benchmark/pkgs/libs/glib/inst/amd64-linux.gcc/include/glib-2.0 -I/export/scratch/users/anton386/remove_me2/parsec-benchmark/pkgs/libs/glib/inst/amd64-linux.gcc/lib/glib-2.0/include -I/export/scratch/users/anton386/remove_me2/parsec-benchmark/pkgs/libs/libxml2/inst/amd64-linux.gcc/include/libxml2 -pthread '
pkg_cv_REQUIRED_LIBS='-L/export/scratch/users/anton386/remove_me2/parsec-benchmark/pkgs/libs/glib/inst/amd64-linux.gcc/lib -Wl,--export-dynamic -lgmodule-2.0 -lglib-2.0 -L/export/scratch/users/anton386/remove_me2/parsec-benchmark/pkgs/libs/libxml2/inst/amd64-linux.gcc/lib -lxml2 -lgobject-2.0 -lgthread-2.0 -pthread -lglib-2.0 '

## ----------------- ##
## Output variables. ##
## ----------------- ##

ACLOCAL='${SHELL} /export/scratch/users/anton386/remove_me2/parsec-benchmark/pkgs/apps/vips/src/missing --run aclocal-1.11'
AMDEPBACKSLASH='\'
AMDEP_FALSE='#'
AMDEP_TRUE=''
AMTAR='${SHELL} /export/scratch/users/anton386/remove_me2/parsec-benchmark/pkgs/apps/vips/src/missing --run tar'
AR='/usr/bin/ar'
AS='/usr/bin/as'
AUTOCONF='${SHELL} /export/scratch/users/anton386/remove_me2/parsec-benchmark/pkgs/apps/vips/src/missing --run autoconf'
AUTOHEADER='${SHELL} /export/scratch/users/anton386/remove_me2/parsec-benchmark/pkgs/apps/vips/src/missing --run autoheader'
AUTOMAKE='${SHELL} /export/scratch/users/anton386/remove_me2/parsec-benchmark/pkgs/apps/vips/src/missing --run automake-1.11'
AWK='gawk'
CATALOGS=' en_GB.gmo de.gmo'
CATOBJEXT='.gmo'
CC='/usr/bin/gcc'
CCDEPMODE='depmode=gcc3'
CFLAGS='  -DPARSEC_VERSION=3.0-beta-20150206'
CPP='/usr/bin/cpp'
CPPFLAGS=''
CXX='/usr/bin/g++'
CXXCPP='/usr/bin/g++ -E'
CXXDEPMODE='depmode=gcc3'
CXXFLAGS='-I/export/scratch/users/anton386/remove_me2/parsec-benchmark/pkgs/libs/glib/inst/amd64-linux.gcc/include -I/export/scratch/users/anton386/remove_me2/parsec-benchmark/pkgs/libs/zlib/inst/amd64-linux.gcc/include -fpermissive -fno-exceptions -std=c++17 -DPARSEC_VERSION=3.0-beta-20150206 -fexceptions'
CYGPATH_W='echo'
DATADIRNAME='share'
DEFS='-DHAVE_CONFIG_H'
DEPDIR='.deps'
DLLTOOL='dlltool'
DLLWRAP=''
DSYMUTIL=''
DUMPBIN=''
ECHO_C=''
ECHO_N='-n'
ECHO_T=''
EGREP='/usr/bin/grep -E'
ENABLE_CXX_FALSE=''
ENABLE_CXX_TRUE='#'
ENABLE_GTK_DOC_FALSE=''
ENABLE_GTK_DOC_TRUE='#'
ENABLE_LINKS_FALSE=''
ENABLE_LINKS_TRUE='#'
EXEEXT=''
EXIF_CFLAGS=''
EXIF_LIBS=''
FFTW3_CFLAGS=''
FFTW3_LIBS=''
FGREP='/usr/bin/grep -F'
GETTEXT_PACKAGE='vips7'
GMOFILES=' en_GB.gmo de.gmo'
GMSGFMT='/usr/bin/msgfmt'
GREP='/usr/bin/grep'
GTHREAD_CFLAGS='-pthread -I/export/scratch/users/anton386/remove_me2/parsec-benchmark/pkgs/libs/glib/inst/amd64-linux.gcc/include/glib-2.0 -I/export/scratch/users/anton386/remove_me2/parsec-benchmark/pkgs/libs/glib/inst/amd64-linux.gcc/lib/glib-2.0/include '
GTHREAD_LIBS='-L/export/scratch/users/anton386/remove_me2/parsec-benchmark/pkgs/libs/glib/inst/amd64-linux.gcc/lib -lgthread-2.0 -pthread -lglib-2.0 '
GTKDOC_CHECK=''
GTKDOC_MKPDF=''
GTKDOC_REBASE='true'
GTK_DOC_BUILD_HTML_FALSE='#'
GTK_DOC_BUILD_HTML_TRUE=''
GTK_DOC_BUILD_PDF_FALSE=''
GTK_DOC_BUILD_PDF_TRUE='#'
GTK_DOC_USE_LIBTOOL_FALSE='#'
GTK_DOC_USE_LIBTOOL_TRUE=''
GTK_DOC_USE_REBASE_FALSE='#'
GTK_DOC_USE_REBASE_TRUE=''
HAVE_PYTHON_FALSE=''
HAVE_PYTHON_TRUE='#'
HTML_DIR='${datadir}/gtk-doc/html'
IMAGE_MAGICK_CFLAGS=''
IMAGE_MAGICK_LIBS=''
IM_LIBDIR='/export/scratch/users/anton386/remove_me2/parsec-benchmark/pkgs/apps/vips/inst/amd64-linux.gcc/lib'
IM_MAJOR_VERSION='7'
IM_MICRO_VERSION='1'
IM_MINOR_VERSION='22'
IM_VERSION='7.22.1'
IM_VERSION_STRING='7.22.1-Sun Dec  7 23:44:09 CST 2025'
INSTALL_DATA='${INSTALL} -m 644'
INSTALL_PROGRAM='${INSTALL}'
INSTALL_SCRIPT='${INSTALL}'
INSTALL_STRIP_PROGRAM='$(install_sh) -c -s'
INSTOBJEXT='.mo'
INTLLIBS=''
JPEG_INCLUDES=''
JPEG_LIBS=''
LCMS_CFLAGS=''
LCMS_LIBS=''
LD='/usr/bin/ld -m elf_x86_64 -m elf_x86_64'
LDFLAGS='-L/export/scratch/users/anton386/remove_me2/parsec-benchmark/pkgs/libs/glib/inst/amd64-linux.gcc/lib -L/export/scratch/users/anton386/remove_me2/parsec-benchmark/pkgs/libs/zlib/inst/amd64-linux.gcc/lib '
LIBOBJS=''
LIBOIL_CFLAGS=''
LIBOIL_LIBS=''
LIBRARY_AGE='14'
LIBRARY_CURRENT='29'
LIBRARY_REVISION='2'
LIBS=' -lstdc++'
LIBTOOL='$(SHELL) $(top_builddir)/libtool'
LIPO=''
LN_S='ln -s'
LTLIBOBJS=''
MAGICK_CFLAGS=''
MAGICK_LIBS=''
MAGICK_WAND_CFLAGS='-I/usr/include/x86_64-linux-gnu/ImageMagick-6 -I/usr/include/ImageMagick-6 -fopenmp -DMAGICKCORE_HDRI_ENABLE=0 -DMAGICKCORE_QUANTUM_DEPTH=16 '
MAGICK_WAND_LIBS='-lMagickWand-6.Q16 -lMagickCore-6.Q16 '
MAKEINFO='${SHELL} /export/scratch/users/anton386/remove_me2/parsec-benchmark/pkgs/apps/vips/src/missing --run makeinfo'
MATIO_CFLAGS=''
MATIO_LIBS=''
MKDIR_P='/usr/bin/mkdir -p'
MKINSTALLDIRS='/export/scratch/users/anton386/remove_me2/parsec-benchmark/pkgs/apps/vips/src//mkinstalldirs'
MSGFMT='/usr/bin/msgfmt'
MSGFMT_OPTS='-c'
NM='/usr/bin/nm -B'
NMEDIT=''
OBJDUMP='objdump'
OBJEXT='o'
OPENEXR_CFLAGS=''
OPENEXR_LIBS=''
OS_WIN32_FALSE=''
OS_WIN32_TRUE='#'
OTOOL64=''
OTOOL=''
PACKAGE='vips'
PACKAGES_USED=' glib-2.0 gmodule-2.0 libxml-2.0 gobject-2.0 gthread-2.0'
PACKAGE_BUGREPORT=''
PACKAGE_NAME=''
PACKAGE_STRING=''
PACKAGE_TARNAME=''
PACKAGE_URL=''
PACKAGE_VERSION=''
PANGOFT2_CFLAGS=''
PANGOFT2_LIBS=''
PATH_SEPARATOR=':'
PKG_CONFIG='/usr/bin/pkg-config'
PNG_CFLAGS=''
PNG_INCLUDES=''
PNG_LIBS=''
POFILES=' en_GB.po de.po'
POSUB='po'
PO_IN_DATADIR_FALSE=''
PO_IN_DATADIR_TRUE=''
PYTHON=''
PYTHON_EXEC_PREFIX=''
PYTHON_INCLUDES=''
PYTHON_PLATFORM=''
PYTHON_PREFIX=''
PYTHON_VERSION=''
RANLIB='/usr/bin/ranlib'
REQUIRED_CFLAGS='-I/export/scratch/users/anton386/remove_me2/parsec-benchmark/pkgs/libs/glib/inst/amd64-linux.gcc/include/glib-2.0 -I/export/scratch/users/anton386/remove_me2/parsec-benchmark/pkgs/libs/glib/inst/amd64-linux.gcc/lib/glib-2.0/include -I/export/scratch/users/anton386/remove_me2/parsec-benchmark/pkgs/libs/libxml2/inst/amd64-linux.gcc/include/libxml2 -pthread '
REQUIRED_LIBS='-L/export/scratch/users/anton386/remove_me2/parsec-benchmark/pkgs/libs/glib/inst/amd64-linux.gcc/lib -Wl,--export-dynamic -lgmodule-2.0 -lglib-2.0 -L/export/scratch/users/anton386/remove_me2/parsec-benchmark/pkgs/libs/libxml2/inst/amd64-linux.gcc/lib -lxml2 -lgobject-2.0 -lgthread-2.0 -pthread -lglib-2.0 '
SED='/usr/bin/sed'
SET_MAKE=''
SHELL='/bin/sh'
STRIP='/usr/bin/strip'
TIFF_INCLUDES=''
TIFF_LIBS=''
USE_NLS='yes'
VERSION='7.22.1'
VIPS_CFLAGS='-DG_DISABLE_CAST_CHECKS -pthread -I/export/scratch/users/anton386/remove_me2/parsec-benchmark/pkgs/libs/libxml2/inst/amd64-linux.gcc/include/libxml2 -I/export/scratch/users/anton386/remove_me2/parsec-benchmark/pkgs/libs/glib/inst/amd64-linux.gcc/lib/glib-2.0/include -I/export/scratch/users/anton386/remove_me2/parsec-benchmark/pkgs/libs/glib/inst/amd64-linux.gcc/include/glib-2.0'
VIPS_CXX_LIBS='-lstdc++'
VIPS_INCLUDES='     '
VIPS_LIBS='     -L/export/scratch/users/anton386/remove_me2/parsec-benchmark/pkgs/libs/glib/inst/amd64-linux.gcc/lib -lgthread-2.0 -pthread -lglib-2.0  -L/export/scratch/users/anton386/remove_me2/parsec-benchmark/pkgs/libs/glib/inst/amd64-linux.gcc/lib -Wl,--export-dynamic -lgmodule-2.0 -lglib-2.0 -L/export/scratch/users/anton386/remove_me2/parsec-benchmark/pkgs/libs/libxml2/inst/amd64-linux.gcc/lib -lxml2 -lgobject-2.0 -lgthread-2.0 -pthread -lglib-2.0          -lm'
XGETTEXT='/usr/bin/xgettext'
XMKMF=''
X_CFLAGS=''
X_EXTRA_LIBS=''
X_LIBS=''
X_PRE_LIBS=''
ZIP_INCLUDES=''
ZIP_LIBS=''
ac_ct_CC='/usr/bin/gcc'
ac_ct_CXX=''
ac_ct_DUMPBIN=''
am__EXEEXT_FALSE=''
am__EXEEXT_TRUE='#'
am__fastdepCC_FALSE='#'
am__fastdepCC_TRUE=''
am__fastdepCXX_FALSE='#'
am__fastdepCXX_TRUE=''
am__include='include'
am__isrc=' -I$(srcdir)'
am__leading_dot='.'
am__quote=''
am__tar='${AMTAR} chof - "$$tardir"'
am__untar='${AMTAR} xf -'
bindir='${exec_prefix}/bin'
build='x86_64-pc-linux-gnu'
build_alias=''
build_cpu='x86_64'
build_os='linux-gnu'
build_vendor='pc'
datadir='${datarootdir}'
datarootdir='${prefix}/share'
docdir='${datarootdir}/doc/${PACKAGE}'
dvidir='${docdir}'
exec_prefix='${prefix}'
host='x86_64-pc-linux-gnu'
host_alias=''
host_cpu='x86_64'
host_os='linux-gnu'
host_vendor='pc'
htmldir='${docdir}'
includedir='${prefix}/include'
infodir='${datarootdir}/info'
install_sh='${SHELL} /export/scratch/users/anton386/remove_me2/parsec-benchmark/pkgs/apps/vips/src/install-sh'
libdir='${exec_prefix}/lib'
libexecdir='${exec_prefix}/libexec'
localedir='${datarootdir}/locale'
localstatedir='${prefix}/var'
lt_ECHO='echo'
mandir='${datarootdir}/man'
mkdir_p='/usr/bin/mkdir -p'
oldincludedir='/usr/include'
pdfdir='${docdir}'
pkgpyexecdir=''
pkgpythondir=''
prefix='/export/scratch/users/anton386/remove_me2/parsec-benchmark/pkgs/apps/vips/inst/amd64-linux.gcc'
program_transform_name='s,x,x,'
psdir='${docdir}'
pyexecdir=''
pythondir=''
runstatedir='${localstatedir}/run'
sbindir='${exec_prefix}/sbin'
sharedstatedir='${prefix}/com'
sysconfdir='${prefix}/etc'
target_alias=''
top_srcdir=''

## ----------- ##
## confdefs.h. ##
## ----------- ##

/* confdefs.h */
#define PACKAGE_NAME ""
#define PACKAGE_TARNAME ""
#define PACKAGE_VERSION ""
#define PACKAGE_STRING ""
#define PACKAGE_BUGREPORT ""
#define PACKAGE_URL ""
#define PACKAGE "vips"
#define VERSION "7.22.1"
#define G_LOG_DOMAIN "VIPS"
#define VIPS_ICC_DIR "/usr/share/color/icc"
#define restrict __restrict__
#define IM_EXEEXT ""
#define IM_PREFIX "/export/scratch/users/anton386/remove_me2/parsec-benchmark/pkgs/apps/vips/inst/amd64-linux.gcc"
#define IM_LIBDIR "/export/scratch/users/anton386/remove_me2/parsec-benchmark/pkgs/apps/vips/inst/amd64-linux.gcc/lib"
#define GETTEXT_PACKAGE "vips7"
#define HAVE_STDIO_H 1
#define HAVE_STDLIB_H 1
#define HAVE_STRING_H 1
#define HAVE_INTTYPES_H 1
#define HAVE_STDINT_H 1
#define HAVE_STRINGS_H 1
#define HAVE_SYS_STAT_H 1
#define HAVE_SYS_TYPES_H 1
#define HAVE_UNISTD_H 1
#define HAVE_SYS_PARAM_H 1
#define STDC_HEADERS 1
#define HAVE_LOCALE_H 1
#define HAVE_LC_MESSAGES 1
#define HAVE_BIND_TEXTDOMAIN_CODESET 1
#define HAVE_GETTEXT 1
#define HAVE_DCGETTEXT 1
#define ENABLE_NLS 1
#define HAVE_DIRENT_H 1
#define HAVE_ERRNO_H 1
#define HAVE_MATH_H 1
#define HAVE_FCNTL_H 1
#define HAVE_LIMITS_H 1
#define HAVE_STDLIB_H 1
#define HAVE_STRING_H 1
#define HAVE_SYS_FILE_H 1
#define HAVE_SYS_IOCTL_H 1
#define HAVE_SYS_PARAM_H 1
#define HAVE_SYS_TIME_H 1
#define HAVE_SYS_MMAN_H 1
#define HAVE_SYS_TYPES_H 1
#define HAVE_SYS_STAT_H 1
#define HAVE_UNISTD_H 1
#define HAVE_DLFCN_H 1
#define LT_OBJDIR ".libs/"
#define HAVE_GETPAGESIZE 1
#define HAVE_VPRINTF 1
#define HAVE_MMAP 1
#define HAVE_GETCWD 1
#define HAVE_GETTIMEOFDAY 1
#define HAVE_GETWD 1
#define HAVE_MEMSET 1
#define HAVE_MUNMAP 1
#define HAVE_PUTENV 1
#define HAVE_REALPATH 1
#define HAVE_STRCASECMP 1
#define HAVE_STRCHR 1
#define HAVE_STRCSPN 1
#define HAVE_STRDUP 1
#define HAVE_STRERROR 1
#define HAVE_STRRCHR 1
#define HAVE_STRSPN 1
#define HAVE_VSNPRINTF 1
#define HAVE_REALPATH 1
#define HAVE_MKSTEMP 1
#define HAVE_MKTEMP 1
#define HAVE_RANDOM 1
#define HAVE_RAND 1
#define HAVE_SYSCONF 1
#define HAVE_CBRT 1
#define HAVE_HYPOT 1
#define HAVE_THREADS 1
#define X_DISPLAY_MISSING 1

configure: exit 0

## ---------------------- ##
## Running config.status. ##
## ---------------------- ##

This file was extended by config.status, which was
generated by GNU Autoconf 2.71.  Invocation command line was

  CONFIG_FILES    = 
  CONFIG_HEADERS  = 
  CONFIG_LINKS    = 
  CONFIG_COMMANDS = 
  $ ./config.status 

on csel-kh1250-19

config.status:1342: creating vips-7.22.pc
config.status:1342: creating vipsCC-7.22.pc
config.status:1342: creating Makefile
config.status:1342: creating libvips/include/vips/version.h
config.status:1342: creating libvips/include/Makefile
config.status:1342: creating libvips/include/vips/Makefile
config.status:1342: creating libvips/Makefile
config.status:1342: creating libvips/acquire/Makefile
config.status:1342: creating libvips/arithmetic/Makefile
config.status:1342: creating libvips/boolean/Makefile
config.status:1342: creating libvips/cimg/Makefile
config.status:1342: creating libvips/colour/Makefile
config.status:1342: creating libvips/conversion/Makefile
config.status:1342: creating libvips/convolution/Makefile
config.status:1342: creating libvips/deprecated/Makefile
config.status:1342: creating libvips/format/Makefile
config.status:1342: creating libvips/freq_filt/Makefile
config.status:1342: creating libvips/histograms_lut/Makefile
config.status:1342: creating libvips/inplace/Makefile
config.status:1342: creating libvips/iofuncs/Makefile
config.status:1342: creating libvips/mask/Makefile
config.status:1342: creating libvips/morphology/Makefile
config.status:1342: creating libvips/mosaicing/Makefile
config.status:1342: creating libvips/other/Makefile
config.status:1342: creating libvips/relational/Makefile
config.status:1342: creating libvips/resample/Makefile
config.status:1342: creating libvips/video/Makefile
config.status:1342: creating libvipsCC/include/Makefile
config.status:1342: creating libvipsCC/include/vips/Makefile
config.status:1342: creating libvipsCC/Makefile
config.status:1342: creating tools/Makefile
config.status:1342: creating tools/iofuncs/Makefile
config.status:1342: creating tools/mosaicing/Makefile
config.status:1342: creating tools/other/Makefile
config.status:1342: creating tools/scripts/Makefile
config.status:1342: creating tools/scripts/batch_crop
config.status:1342: creating tools/scripts/batch_image_convert
config.status:1342: creating tools/scripts/batch_rubber_sheet
config.status:1342: creating tools/scripts/light_correct
config.status:1342: creating tools/scripts/shrink_width
config.status:1342: creating swig/Makefile
config.status:1342: creating swig/vipsCC/Makefile
config.status:1342: creating swig/python/setup.py
config.status:1342: creating man/Makefile
config.status:1342: creating doc/Makefile
config.status:1342: creating doc/reference/Makefile
config.status:1342: creating doc/reference/libvips-docs.sgml
config.status:1342: creating po/Makefile.in
config.status:1342: creating config.h
config.status:1556: executing depfiles commands
config.status:1556: executing default-1 commands
config.status:1556: executing libtool commands

## ---------------------- ##
## Running config.status. ##
## ---------------------- ##

This file was extended by config.status, which was
generated by GNU Autoconf 2.71.  Invocation command line was

  CONFIG_FILES    = 
  CONFIG_HEADERS  = 
  CONFIG_LINKS    = 
  CONFIG_COMMANDS = 
  $ ./config.status config.h

on csel-kh1250-19

config.status:1342: creating config.h
